2026-07-07 00:21:50, MOVE, v:1, k:fup@imperador, mode:BACK
2026-07-07 00:22:06, MOVE, v:1, k:fup@pedra_struct, mode:DOWN
2026-07-07 00:22:07, MOVE, v:1, k:fup@pedra_struct, mode:PICK
2026-07-07 00:22:06, MOVE, v:1, k:fup@pedra_struct, mode:EDIT
2026-07-07 00:22:06, MOVE, v:1, k:fup@pedra_struct, mode:EDIT
2026-07-07 00:56:56, EXEC, v:1, k:fup@pedra_struct, mode:FULL, rate:0, size:5
2026-07-07 00:56:56, MOVE, v:1, k:fup@pedra_struct, mode:EDIT
2026-07-07 01:02:13, MOVE, v:1, k:fup@pedra_struct, mode:BACK
2026-07-07 01:02:19, MOVE, v:1, k:fup@estudante, mode:DOWN
2026-07-07 01:02:21, MOVE, v:1, k:fup@estudante, mode:PICK
2026-07-07 01:02:19, MOVE, v:1, k:fup@estudante, mode:EDIT
2026-07-07 01:10:13, MOVE, v:1, k:fup@estudante, mode:BACK
2026-07-07 01:18:23, MOVE, v:1, k:fup@estudante, mode:PICK
2026-07-07 01:18:27, EXEC, v:1, k:fup@estudante, mode:FULL, rate:0, size:5
2026-07-07 01:18:26, MOVE, v:1, k:fup@estudante, mode:EDIT
2026-07-07 01:19:25, MOVE, v:1, k:fup@estudante, mode:EDIT
2026-07-07 01:24:07, MOVE, v:1, k:fup@estudante, mode:EDIT
2026-07-07 01:27:46, MOVE, v:1, k:fup@estudante, mode:EDIT
2026-07-07 01:33:57, MOVE, v:1, k:fup@estudante, mode:EDIT
2026-07-07 01:36:58, MOVE, v:1, k:fup@estudante, mode:EDIT
2026-07-07 01:44:20, MOVE, v:1, k:fup@estudante, mode:EDIT
2026-07-07 01:59:46, MOVE, v:1, k:fup@estudante, mode:BACK
2026-07-07 01:59:54, MOVE, v:1, k:fup@idosa, mode:DOWN
2026-07-07 01:59:56, MOVE, v:1, k:fup@idosa, mode:PICK
2026-07-07 02:00:27, EXEC, v:1, k:fup@idosa, mode:FULL, rate:0, size:5
2026-07-07 01:59:54, MOVE, v:1, k:fup@idosa, mode:EDIT
2026-07-07 02:00:27, MOVE, v:1, k:fup@idosa, mode:EDIT
2026-07-07 03:13:35, MOVE, v:1, k:fup@estudante, mode:PICK
2026-07-07 03:13:47, EXEC, v:1, k:fup@estudante, mode:FULL, size:32, fail:COMP
2026-07-07 03:23:20, MOVE, v:1, k:fup@estudante, mode:EDIT
2026-07-07 03:26:49, MOVE, v:1, k:fup@estudante, mode:EDIT
2026-07-07 03:33:25, MOVE, v:1, k:fup@estudante, mode:EDIT
2026-07-07 03:38:28, MOVE, v:1, k:fup@estudante, mode:EDIT
2026-07-07 03:41:48, EXEC, v:1, k:fup@estudante, mode:FULL, rate:0, size:45
2026-07-07 03:42:41, EXEC, v:1, k:fup@estudante, mode:FULL, rate:0, size:45
2026-07-07 03:42:38, MOVE, v:1, k:fup@estudante, mode:EDIT
2026-07-07 03:42:41, MOVE, v:1, k:fup@estudante, mode:EDIT
2026-07-07 03:45:04, EXEC, v:1, k:fup@estudante, mode:FULL, rate:0, size:45
2026-07-07 03:45:15, EXEC, v:1, k:fup@estudante, mode:FULL, rate:100, size:45
2026-07-07 03:45:27, MOVE, v:1, k:fup@estudante, mode:BACK
2026-07-07 03:45:48, SELF, v:1, k:fup@estudante, self:1, rate:100, study:120, concept:1, refactor:1
2026-07-07 03:46:40, MOVE, v:1, k:fup@zerinho, mode:DOWN
2026-07-07 03:46:41, MOVE, v:1, k:fup@zerinho, mode:PICK
2026-07-07 03:47:20, EXEC, v:1, k:fup@zerinho, mode:FULL, rate:0, size:5
2026-07-07 03:45:15, MOVE, v:1, k:fup@estudante, mode:EDIT
2026-07-07 03:45:15, MOVE, v:1, k:fup@estudante, mode:EDIT
2026-07-07 03:46:40, MOVE, v:1, k:fup@zerinho, mode:EDIT
2026-07-07 03:47:19, MOVE, v:1, k:fup@zerinho, mode:EDIT
2026-07-07 03:48:26, MOVE, v:1, k:fup@zerinho, mode:EDIT
2026-07-07 03:51:05, EXEC, v:1, k:fup@zerinho, mode:FULL, rate:100, size:15
2026-07-07 03:51:09, MOVE, v:1, k:fup@zerinho, mode:BACK
2026-07-07 03:51:20, SELF, v:1, k:fup@zerinho, self:1, rate:100, study:5
2026-07-07 03:51:42, MOVE, v:1, k:fup@adedonha, mode:DOWN
2026-07-07 03:51:43, MOVE, v:1, k:fup@adedonha, mode:PICK
2026-07-07 03:51:04, MOVE, v:1, k:fup@zerinho, mode:EDIT
2026-07-07 03:51:05, MOVE, v:1, k:fup@zerinho, mode:EDIT
2026-07-07 03:51:42, MOVE, v:1, k:fup@adedonha, mode:EDIT
2026-07-07 03:54:06, MOVE, v:1, k:fup@adedonha, mode:BACK
2026-07-07 03:54:23, MOVE, v:1, k:fup@americano, mode:DOWN
2026-07-07 03:54:24, MOVE, v:1, k:fup@americano, mode:PICK
2026-07-07 03:54:23, MOVE, v:1, k:fup@americano, mode:EDIT
2026-07-07 04:04:02, MOVE, v:1, k:fup@americano, mode:BACK
2026-07-07 04:05:00, MOVE, v:1, k:fup@pedra, mode:DOWN
2026-07-07 04:05:01, MOVE, v:1, k:fup@pedra, mode:PICK
2026-07-07 04:05:37, MOVE, v:1, k:fup@pedra, mode:BACK
2026-07-07 04:05:43, MOVE, v:1, k:fup@pedra, mode:PICK
