2026-05-31 03:11:29, MOVE, v:1, k:fup@apertada, mode:PICK
2026-05-31 03:11:44, EXEC, v:1, k:fup@apertada, mode:FULL, rate:0
2026-05-31 03:11:43, MOVE, v:1, k:fup@apertada, mode:EDIT
2026-05-31 03:23:05, MOVE, v:1, k:fup@apertada, mode:EDIT
2026-05-31 03:28:56, MOVE, v:1, k:fup@apertada, mode:EDIT
2026-05-31 03:33:46, MOVE, v:1, k:fup@apertada, mode:EDIT
2026-05-31 03:37:08, EXEC, v:1, k:fup@apertada, mode:FULL, rate:0, size:11
2026-05-31 03:37:25, EXEC, v:1, k:fup@apertada, mode:FULL, rate:0, size:11
2026-05-31 03:39:07, EXEC, v:1, k:fup@apertada, mode:FULL, rate:0, size:11
2026-05-31 03:39:01, MOVE, v:1, k:fup@apertada, mode:EDIT
2026-05-31 03:39:07, MOVE, v:1, k:fup@apertada, mode:EDIT
2026-05-31 03:40:10, EXEC, v:1, k:fup@apertada, mode:FULL, rate:0, size:11
2026-05-31 03:44:03, MOVE, v:1, k:fup@apertada, mode:EDIT
2026-05-31 03:40:10, MOVE, v:1, k:fup@apertada, mode:EDIT
2026-05-31 03:48:36, EXEC, v:1, k:fup@apertada, mode:FULL, size:12, fail:COMP
2026-05-31 03:49:05, EXEC, v:1, k:fup@apertada, mode:FULL, size:12, fail:COMP
2026-05-31 03:49:13, EXEC, v:1, k:fup@apertada, mode:FULL, rate:0, size:12
2026-05-31 03:49:12, MOVE, v:1, k:fup@apertada, mode:EDIT
2026-05-31 03:49:13, MOVE, v:1, k:fup@apertada, mode:EDIT
2026-05-31 03:49:21, EXEC, v:1, k:fup@apertada, mode:FULL, rate:0, size:12
2026-05-31 03:51:06, EXEC, v:1, k:fup@apertada, mode:FULL, rate:0, size:12
2026-05-31 03:51:24, EXEC, v:1, k:fup@apertada, mode:FULL, rate:100, size:12
2026-05-31 03:51:24, MOVE, v:1, k:fup@apertada, mode:EDIT
2026-05-31 03:51:24, MOVE, v:1, k:fup@apertada, mode:EDIT
2026-05-31 04:02:55, EXEC, v:1, k:fup@apertada, mode:FULL, rate:0, size:13
2026-05-31 04:03:28, EXEC, v:1, k:fup@apertada, mode:FULL, rate:20, size:13
2026-05-31 04:03:26, MOVE, v:1, k:fup@apertada, mode:EDIT
2026-05-31 04:03:28, MOVE, v:1, k:fup@apertada, mode:EDIT
2026-05-31 04:13:37, EXEC, v:1, k:fup@apertada, mode:FULL, rate:40, size:13
2026-05-31 04:14:12, EXEC, v:1, k:fup@apertada, mode:FULL, rate:100, size:13
2026-05-31 04:14:10, MOVE, v:1, k:fup@apertada, mode:EDIT
2026-05-31 04:14:12, MOVE, v:1, k:fup@apertada, mode:EDIT
