2026-05-07 01:56:56, MOVE, v:1, k:fup@fuga, mode:EDIT
2026-05-07 02:02:54, MOVE, v:1, k:fup@fuga, mode:EDIT
2026-05-07 02:03:21, MOVE, v:1, k:fup@fuga, mode:PICK
2026-05-07 02:03:24, EXEC, v:1, k:fup@fuga, mode:FULL, rate:20, size:31
2026-05-07 02:04:20, EXEC, v:1, k:fup@fuga, mode:FULL, rate:0, size:31
2026-05-07 02:04:18, MOVE, v:1, k:fup@fuga, mode:EDIT
2026-05-07 02:04:19, MOVE, v:1, k:fup@fuga, mode:EDIT
2026-05-07 02:09:45, EXEC, v:1, k:fup@fuga, mode:FULL, rate:0
2026-05-07 02:09:49, MOVE, v:1, k:fup@fuga, mode:BACK
2026-05-07 02:09:52, MOVE, v:1, k:fup@fuga, mode:PICK
2026-05-07 02:09:55, EXEC, v:1, k:fup@fuga, mode:FULL, rate:0
2026-05-07 02:10:10, MOVE, v:1, k:fup@fuga, mode:BACK
2026-05-07 02:10:13, MOVE, v:1, k:fup@fuga, mode:PICK
2026-05-07 02:12:14, MOVE, v:1, k:fup@fuga, mode:BACK
2026-05-07 02:14:02, MOVE, v:1, k:sandbox@user_002, mode:PICK
2026-05-07 02:14:08, EXEC, v:1, k:sandbox@user_002, mode:LOCK, rate:0, size:5
2026-05-07 02:14:36, MOVE, v:1, k:sandbox@user_002, mode:BACK
2026-05-07 02:15:08, MOVE, v:1, k:fup@fuga, mode:PICK
2026-05-07 02:17:26, EXEC, v:1, k:fup@fuga, mode:FREE
2026-05-07 02:13:59, MOVE, v:1, k:sandbox@user_002, mode:EDIT
2026-05-07 02:14:08, MOVE, v:1, k:sandbox@user_002, mode:EDIT
2026-05-07 02:18:01, MOVE, v:1, k:fup@fuga, mode:EDIT
