2026-04-13 16:06:57, MOVE, v:1, k:fup@final, mode:DOWN
2026-04-13 16:06:58, MOVE, v:1, k:fup@final, mode:PICK
2026-04-13 16:06:57, MOVE, v:1, k:fup@final, mode:EDIT
2026-04-13 16:06:57, MOVE, v:1, k:fup@final, mode:EDIT
2026-04-13 16:08:00, MOVE, v:1, k:fup@filhos, mode:EDIT
2026-04-13 16:10:19, MOVE, v:1, k:fup@final, mode:EDIT
2026-04-13 16:15:19, MOVE, v:1, k:fup@final, mode:EDIT
2026-04-13 16:20:21, MOVE, v:1, k:fup@final, mode:EDIT
2026-04-13 16:23:41, EXEC, v:1, k:fup@final, mode:FULL, size:23, fail:COMP
2026-04-13 16:24:09, EXEC, v:1, k:fup@final, mode:FULL, size:23, fail:COMP
2026-04-13 16:24:11, EXEC, v:1, k:fup@final, mode:FULL, fail:COMP
2026-04-13 16:24:20, EXEC, v:1, k:fup@final, mode:FULL, rate:20, size:23
2026-04-13 16:24:53, EXEC, v:1, k:fup@final, mode:FULL, rate:20, size:23
2026-04-13 16:25:11, EXEC, v:1, k:fup@final, mode:FULL, rate:20, size:23
2026-04-13 16:25:22, EXEC, v:1, k:fup@final, mode:FULL, rate:20, size:23
2026-04-13 16:25:18, MOVE, v:1, k:fup@final, mode:EDIT
2026-04-13 16:25:22, MOVE, v:1, k:fup@final, mode:EDIT
2026-04-13 16:28:02, EXEC, v:1, k:fup@final, mode:FULL, size:23, fail:COMP
2026-04-13 16:28:02, MOVE, v:1, k:fup@final, mode:EDIT
2026-04-13 16:31:17, EXEC, v:1, k:fup@final, mode:FULL, rate:40, size:23
2026-04-13 16:34:51, MOVE, v:1, k:fup@final, mode:EDIT
2026-04-13 16:31:17, MOVE, v:1, k:fup@final, mode:EDIT
2026-04-13 16:35:34, EXEC, v:1, k:fup@final, mode:FULL, rate:40, size:28
2026-04-13 16:36:52, EXEC, v:1, k:fup@final, mode:FULL, rate:100, size:28
