2026-06-29 20:18:21, MOVE, v:1, k:fup@baruel, mode:PICK
2026-06-29 20:28:11, MOVE, v:1, k:fup@baruel, mode:EDIT
2026-06-29 20:30:04, MOVE, v:1, k:fup@baruel, mode:BACK
2026-06-29 20:30:20, MOVE, v:1, k:fup@baruel, mode:PICK
2026-06-29 20:31:19, MOVE, v:1, k:fup@baruel, mode:EDIT
2026-06-29 20:35:27, MOVE, v:1, k:fup@baruel, mode:EDIT
2026-06-29 20:41:54, MOVE, v:1, k:fup@baruel, mode:EDIT
2026-06-29 20:56:51, EXEC, v:1, k:fup@baruel, mode:FULL, size:33, fail:COMP
2026-06-29 20:57:15, EXEC, v:1, k:fup@baruel, mode:FULL, rate:0, size:34
2026-06-29 20:57:12, MOVE, v:1, k:fup@baruel, mode:EDIT
2026-06-29 20:57:15, MOVE, v:1, k:fup@baruel, mode:EDIT
2026-06-29 20:59:11, EXEC, v:1, k:fup@baruel, mode:FULL, rate:0, size:34
2026-06-29 20:59:19, EXEC, v:1, k:fup@baruel, mode:FULL, rate:0, size:34
2026-06-29 21:00:24, EXEC, v:1, k:fup@baruel, mode:FULL, rate:0, size:34
2026-06-29 21:00:34, EXEC, v:1, k:fup@baruel, mode:FULL, rate:0, size:34
2026-06-29 21:01:09, EXEC, v:1, k:fup@baruel, mode:FULL, rate:0, size:34
2026-06-29 21:01:43, EXEC, v:1, k:fup@baruel, mode:FULL, rate:0, size:34
2026-06-29 21:02:23, EXEC, v:1, k:fup@baruel, mode:FULL, rate:0, size:35
2026-06-29 21:02:22, MOVE, v:1, k:fup@baruel, mode:EDIT
2026-06-29 21:02:23, MOVE, v:1, k:fup@baruel, mode:EDIT
2026-06-29 21:03:58, EXEC, v:1, k:fup@baruel, mode:FULL, rate:0, size:35
2026-06-29 21:04:24, EXEC, v:1, k:fup@baruel, mode:FULL, rate:0, size:35
2026-06-29 21:05:50, EXEC, v:1, k:fup@baruel, mode:FULL, rate:0, size:36
2026-06-29 21:06:14, EXEC, v:1, k:fup@baruel, mode:FULL, rate:0, size:37
2026-06-29 21:06:23, EXEC, v:1, k:fup@baruel, mode:FULL, rate:0, size:37
2026-06-29 21:07:28, EXEC, v:1, k:fup@baruel, mode:FULL, rate:0, size:39
2026-06-29 21:07:37, EXEC, v:1, k:fup@baruel, mode:FULL, rate:0, size:39
2026-06-29 21:07:46, EXEC, v:1, k:fup@baruel, mode:FULL, rate:25, size:39
2026-06-29 21:07:45, MOVE, v:1, k:fup@baruel, mode:EDIT
2026-06-29 21:07:46, MOVE, v:1, k:fup@baruel, mode:EDIT
2026-06-29 21:11:07, EXEC, v:1, k:fup@baruel, mode:FULL, rate:25
2026-06-29 21:11:07, MOVE, v:1, k:fup@baruel, mode:EDIT
2026-06-29 21:14:46, EXEC, v:1, k:fup@baruel, mode:FULL, rate:25, size:41
2026-06-29 21:16:33, EXEC, v:1, k:fup@baruel, mode:FULL, rate:50, size:41
2026-06-29 21:16:45, EXEC, v:1, k:fup@baruel, mode:FULL, rate:25, size:41
2026-06-29 21:16:52, EXEC, v:1, k:fup@baruel, mode:FULL, rate:25, size:41
2026-06-29 21:17:19, EXEC, v:1, k:fup@baruel, mode:FULL, rate:25, size:41
2026-06-29 21:17:25, EXEC, v:1, k:fup@baruel, mode:FULL, rate:50, size:41
2026-06-29 21:17:57, EXEC, v:1, k:fup@baruel, mode:FULL, size:42, fail:COMP
2026-06-29 21:18:12, EXEC, v:1, k:fup@baruel, mode:FULL, size:42, fail:COMP
2026-06-29 21:18:24, MOVE, v:1, k:fup@baruel, mode:PICK
2026-06-29 21:18:34, EXEC, v:1, k:fup@baruel, mode:FULL, rate:50, size:41
2026-06-29 21:18:50, EXEC, v:1, k:fup@baruel, mode:FULL, rate:25, size:41
2026-06-29 21:20:01, EXEC, v:1, k:fup@baruel, mode:FULL, rate:25, size:40
2026-06-29 21:20:15, EXEC, v:1, k:fup@baruel, mode:FULL, rate:50, size:40
2026-06-29 21:23:21, MOVE, v:1, k:fup@baruel, mode:EDIT
2026-06-29 21:20:15, MOVE, v:1, k:fup@baruel, mode:EDIT
2026-06-29 21:23:39, EXEC, v:1, k:fup@baruel, mode:FULL, rate:25, size:41
2026-06-29 21:24:33, MOVE, v:1, k:fup@baruel, mode:PICK
2026-06-29 21:24:34, EXEC, v:1, k:fup@baruel, mode:FULL, rate:0, size:41
2026-06-29 21:24:43, EXEC, v:1, k:fup@baruel, mode:FULL, rate:25, size:41
2026-06-29 21:25:15, EXEC, v:1, k:fup@baruel, mode:FULL, rate:25, size:41
2026-06-29 21:27:16, EXEC, v:1, k:fup@baruel, mode:FULL, rate:0, size:43
2026-06-29 21:27:28, EXEC, v:1, k:fup@baruel, mode:FULL, rate:0, size:43
2026-06-29 21:27:36, EXEC, v:1, k:fup@baruel, mode:FULL, size:43, fail:COMP
2026-06-29 21:27:42, EXEC, v:1, k:fup@baruel, mode:FULL, rate:0, size:44
2026-06-29 21:29:02, MOVE, v:1, k:fup@baruel, mode:EDIT
2026-06-29 21:27:42, MOVE, v:1, k:fup@baruel, mode:EDIT
2026-06-29 21:31:16, EXEC, v:1, k:fup@baruel, mode:FULL, rate:50, size:42
2026-06-29 21:31:25, EXEC, v:1, k:fup@baruel, mode:FULL, rate:25, size:42
2026-06-29 21:31:37, EXEC, v:1, k:fup@baruel, mode:FULL, rate:50, size:42
2026-06-29 21:33:00, EXEC, v:1, k:fup@baruel, mode:FULL, rate:50, size:43
2026-06-29 21:33:15, EXEC, v:1, k:fup@baruel, mode:FULL, rate:25, size:43
2026-06-29 21:33:15, MOVE, v:1, k:fup@baruel, mode:EDIT
2026-06-29 21:33:15, MOVE, v:1, k:fup@baruel, mode:EDIT
2026-06-29 21:39:03, MOVE, v:1, k:fup@baruel, mode:EDIT
2026-06-29 21:43:43, MOVE, v:1, k:fup@baruel, mode:EDIT
2026-06-29 21:48:19, EXEC, v:1, k:fup@baruel, mode:FULL, size:33, fail:COMP
2026-06-29 21:48:26, EXEC, v:1, k:fup@baruel, mode:FULL, size:34, fail:COMP
2026-06-29 21:49:04, MOVE, v:1, k:fup@baruel, mode:EDIT
2026-06-29 21:49:07, EXEC, v:1, k:fup@baruel, mode:FULL, rate:0, size:34
2026-06-29 21:51:17, EXEC, v:1, k:fup@baruel, mode:FULL, rate:0, size:35
2026-06-29 21:51:28, EXEC, v:1, k:fup@baruel, mode:FULL, rate:0, size:35
2026-06-29 21:51:36, EXEC, v:1, k:fup@baruel, mode:FULL, rate:0, size:35
2026-06-29 21:51:42, EXEC, v:1, k:fup@baruel, mode:FULL, rate:0, size:35
2026-06-29 21:51:52, EXEC, v:1, k:fup@baruel, mode:FULL, rate:100, size:35
2026-06-29 21:52:08, MOVE, v:1, k:fup@baruel, mode:BACK
2026-06-29 21:52:14, SELF, v:1, k:fup@baruel, self:1, rate:100
2026-06-29 21:52:14, MOVE, v:1, k:fup@baruel, mode:PICK
2026-06-29 21:52:14, EXEC, v:1, k:fup@baruel, mode:FULL, rate:100
2026-06-29 21:52:18, MOVE, v:1, k:fup@baruel, mode:BACK
2026-06-29 21:52:25, MOVE, v:1, k:fup@tazos, mode:PICK
2026-06-29 21:51:51, MOVE, v:1, k:fup@baruel, mode:EDIT
2026-06-29 21:52:14, MOVE, v:1, k:fup@baruel, mode:EDIT
2026-06-29 21:55:17, MOVE, v:1, k:fup@tazos, mode:BACK
