2026-06-23 17:37:38, MOVE, v:1, k:fup@primo, mode:DOWN
2026-06-23 17:37:41, MOVE, v:1, k:fup@primo, mode:PICK
2026-06-23 17:37:38, MOVE, v:1, k:fup@primo, mode:EDIT
2026-06-23 17:39:15, MOVE, v:1, k:fup@primo, mode:EDIT
2026-06-23 18:07:34, MOVE, v:1, k:fup@primo, mode:EDIT
2026-06-23 18:11:56, MOVE, v:1, k:fup@primo, mode:EDIT
2026-06-23 18:24:30, MOVE, v:1, k:fup@primo, mode:EDIT
2026-06-23 18:29:50, MOVE, v:1, k:fup@primo, mode:EDIT
2026-06-23 18:33:11, EXEC, v:1, k:fup@primo, mode:FULL, rate:0, size:16
2026-06-23 18:33:19, EXEC, v:1, k:fup@primo, mode:FULL, rate:0, size:16
2026-06-23 18:33:34, EXEC, v:1, k:fup@primo, mode:FULL, rate:0, size:16
2026-06-23 18:33:33, MOVE, v:1, k:fup@primo, mode:EDIT
2026-06-23 18:33:33, MOVE, v:1, k:fup@primo, mode:EDIT
2026-06-23 18:53:47, EXEC, v:1, k:fup@primo, mode:FULL, rate:0, size:17
2026-06-23 18:53:46, MOVE, v:1, k:fup@primo, mode:EDIT
2026-06-23 18:53:47, MOVE, v:1, k:fup@primo, mode:EDIT
2026-06-23 18:56:02, EXEC, v:1, k:fup@primo, mode:FULL, rate:0, size:17
2026-06-23 18:59:49, MOVE, v:1, k:fup@primo, mode:EDIT
2026-06-23 18:56:02, MOVE, v:1, k:fup@primo, mode:EDIT
2026-06-23 19:02:29, MOVE, v:1, k:fup@primo, mode:EDIT
2026-06-23 19:13:00, EXEC, v:1, k:fup@primo, mode:FULL, size:18, fail:COMP
2026-06-23 19:13:10, EXEC, v:1, k:fup@primo, mode:FULL, rate:0, size:18
2026-06-23 19:14:08, EXEC, v:1, k:fup@primo, mode:FULL, rate:0
2026-06-23 19:14:08, EXEC, v:1, k:fup@primo, mode:FULL, rate:0, size:18
2026-06-23 19:14:09, EXEC, v:1, k:fup@primo, mode:FULL, rate:0
2026-06-23 19:14:09, EXEC, v:1, k:fup@primo, mode:FULL, rate:0
2026-06-23 19:14:50, EXEC, v:1, k:fup@primo, mode:FULL, rate:0, size:18
2026-06-23 19:14:50, EXEC, v:1, k:fup@primo, mode:FULL, rate:0, size:18
2026-06-23 19:14:50, MOVE, v:1, k:fup@primo, mode:EDIT
2026-06-23 19:14:50, MOVE, v:1, k:fup@primo, mode:EDIT
2026-06-23 19:15:35, EXEC, v:1, k:fup@primo, mode:FULL, rate:0, size:18
2026-06-23 19:15:35, EXEC, v:1, k:fup@primo, mode:FULL, rate:0, size:18
2026-06-23 19:15:47, EXEC, v:1, k:fup@primo, mode:FULL, rate:100, size:18
2026-06-23 19:15:59, MOVE, v:1, k:fup@primo, mode:BACK
2026-06-23 19:16:16, SELF, v:1, k:fup@primo, self:1, rate:100, study:60
2026-06-23 19:16:55, MOVE, v:1, k:fup@batraquios, mode:PICK
2026-06-23 19:16:56, EXEC, v:1, k:fup@batraquios, mode:FULL, rate:0
2026-06-23 19:15:47, MOVE, v:1, k:fup@primo, mode:EDIT
2026-06-23 19:15:45, MOVE, v:1, k:fup@primo, mode:EDIT
2026-06-23 19:16:56, MOVE, v:1, k:fup@batraquios, mode:EDIT
2026-06-23 19:29:25, MOVE, v:1, k:fup@batraquios, mode:EDIT
2026-06-23 19:38:39, MOVE, v:1, k:fup@batraquios, mode:EDIT
