2026-05-05 16:47:10, MOVE, v:1, k:fup@vet_i, mode:PICK
2026-05-05 16:47:12, EXEC, v:1, k:fup@vet_i, mode:FULL, rate:100
2026-05-05 16:48:04, MOVE, v:1, k:fup@vet_i, mode:BACK
2026-05-05 16:48:46, MOVE, v:1, k:fup@opala, mode:PICK
2026-05-05 16:48:48, EXEC, v:1, k:fup@opala, mode:FULL, rate:0
2026-05-05 16:49:20, EXEC, v:1, k:fup@opala, mode:FULL, rate:0, size:10
2026-05-05 16:49:29, EXEC, v:1, k:fup@opala, mode:FULL, rate:100, size:10
2026-05-05 16:49:40, MOVE, v:1, k:fup@opala, mode:BACK
2026-05-05 16:49:48, SELF, v:1, k:fup@opala, self:1, rate:100, study:10
2026-05-05 16:49:51, MOVE, v:1, k:fup@tv, mode:DOWN
2026-05-05 16:49:51, MOVE, v:1, k:fup@tv, mode:PICK
2026-05-05 16:49:55, EXEC, v:1, k:fup@tv, mode:FULL, rate:0, size:5
2026-05-05 16:47:12, MOVE, v:1, k:fup@vet_i, mode:EDIT
2026-05-05 16:49:29, MOVE, v:1, k:fup@opala, mode:EDIT
2026-05-05 16:49:29, MOVE, v:1, k:fup@opala, mode:EDIT
2026-05-05 16:49:51, MOVE, v:1, k:fup@tv, mode:EDIT
2026-05-05 16:49:51, MOVE, v:1, k:fup@tv, mode:EDIT
2026-05-05 16:51:42, MOVE, v:1, k:fup@tv, mode:EDIT
2026-05-05 16:49:55, MOVE, v:1, k:fup@tv, mode:EDIT
2026-05-05 16:55:51, EXEC, v:1, k:fup@tv, mode:FULL, size:9, fail:COMP
2026-05-05 16:56:37, MOVE, v:1, k:fup@tv, mode:EDIT
2026-05-05 16:57:45, EXEC, v:1, k:fup@tv, mode:FULL, size:9, fail:COMP
2026-05-05 17:01:40, MOVE, v:1, k:fup@tv, mode:EDIT
2026-05-05 17:05:03, EXEC, v:1, k:fup@tv, mode:FULL, size:8, fail:COMP
2026-05-05 17:05:04, MOVE, v:1, k:fup@tv, mode:BACK
2026-05-05 17:05:42, SELF, v:1, k:fup@vet_i, self:1, rate:100, study:9
2026-05-05 17:05:43, MOVE, v:1, k:fup@vet_i, mode:PICK
2026-05-05 17:05:44, EXEC, v:1, k:fup@vet_i, mode:FULL, rate:100
2026-05-05 17:05:45, MOVE, v:1, k:fup@vet_i, mode:BACK
2026-05-05 17:06:47, MOVE, v:1, k:fup@tv, mode:PICK
2026-05-05 17:06:48, EXEC, v:1, k:fup@tv, mode:FULL, fail:COMP
2026-05-05 17:12:33, EXEC, v:1, k:fup@tv, mode:FULL, size:9, fail:COMP
2026-05-05 17:12:41, EXEC, v:1, k:fup@tv, mode:FULL, size:9, fail:COMP
2026-05-05 17:14:31, EXEC, v:1, k:fup@tv, mode:FULL, size:10, fail:COMP
2026-05-05 17:15:15, EXEC, v:1, k:fup@tv, mode:FULL, rate:0, size:11
2026-05-05 17:15:49, EXEC, v:1, k:fup@tv, mode:FULL, rate:0, size:11
2026-05-05 17:15:48, MOVE, v:1, k:fup@tv, mode:EDIT
2026-05-05 17:15:49, MOVE, v:1, k:fup@tv, mode:EDIT
2026-05-05 17:17:38, EXEC, v:1, k:fup@tv, mode:FULL, rate:0, size:14
2026-05-05 17:21:20, MOVE, v:1, k:fup@tv, mode:EDIT
2026-05-05 17:17:38, MOVE, v:1, k:fup@tv, mode:EDIT
2026-05-05 17:25:37, EXEC, v:1, k:fup@tv, mode:FULL, size:18, fail:COMP
2026-05-05 17:25:55, EXEC, v:1, k:fup@tv, mode:FULL, size:16, fail:COMP
2026-05-05 17:26:02, EXEC, v:1, k:fup@tv, mode:FULL, size:16, fail:COMP
2026-05-05 17:26:01, MOVE, v:1, k:fup@tv, mode:EDIT
2026-05-05 17:26:53, EXEC, v:1, k:fup@tv, mode:FULL, rate:0, size:18
2026-05-05 17:27:17, MOVE, v:1, k:fup@tv, mode:BACK
2026-05-05 17:28:28, MOVE, v:1, k:fup@tv, mode:PICK
2026-05-05 17:28:30, EXEC, v:1, k:fup@tv, mode:FULL, rate:0, size:18
2026-05-05 17:28:51, EXEC, v:1, k:fup@tv, mode:FULL, rate:0, size:18
2026-05-05 17:29:13, MOVE, v:1, k:fup@tv, mode:BACK
2026-05-05 17:29:29, MOVE, v:1, k:fup@filhos, mode:PICK
2026-05-05 17:28:51, MOVE, v:1, k:fup@tv, mode:EDIT
2026-05-05 17:28:51, MOVE, v:1, k:fup@tv, mode:EDIT
2026-05-05 17:31:21, MOVE, v:1, k:fup@filhos, mode:EDIT
2026-05-05 17:36:08, EXEC, v:1, k:fup@filhos, mode:FULL, size:13, fail:COMP
2026-05-05 17:36:19, EXEC, v:1, k:fup@filhos, mode:FULL, rate:0, size:13
2026-05-05 17:36:18, MOVE, v:1, k:fup@filhos, mode:EDIT
2026-05-05 17:36:19, MOVE, v:1, k:fup@filhos, mode:EDIT
2026-05-05 17:42:33, EXEC, v:1, k:fup@filhos, mode:FULL, rate:0
2026-05-05 17:42:52, EXEC, v:1, k:fup@filhos, mode:FULL, size:13, fail:COMP
2026-05-05 17:44:27, EXEC, v:1, k:fup@filhos, mode:FULL, rate:0, size:13
2026-05-05 17:44:37, EXEC, v:1, k:fup@filhos, mode:FULL, rate:0, size:13
2026-05-05 17:44:37, MOVE, v:1, k:fup@filhos, mode:EDIT
2026-05-05 17:44:36, MOVE, v:1, k:fup@filhos, mode:EDIT
2026-05-05 17:47:23, EXEC, v:1, k:fup@filhos, mode:FULL, rate:0, size:13
2026-05-05 17:47:31, EXEC, v:1, k:fup@filhos, mode:FULL, rate:0, size:13
2026-05-05 17:48:17, EXEC, v:1, k:fup@filhos, mode:FULL, rate:100, size:13
2026-05-05 17:49:30, MOVE, v:1, k:fup@filhos, mode:BACK
2026-05-05 17:49:43, SELF, v:1, k:fup@filhos, self:1, rate:100, study:18
2026-05-05 17:49:51, MOVE, v:1, k:fup@colorido, mode:PICK
2026-05-05 17:49:56, EXEC, v:1, k:fup@colorido, mode:FULL, rate:83
2026-05-05 17:47:51, MOVE, v:1, k:fup@filhos, mode:EDIT
2026-05-05 17:48:17, MOVE, v:1, k:fup@filhos, mode:EDIT
2026-05-05 17:49:56, MOVE, v:1, k:fup@colorido, mode:EDIT
2026-05-05 17:54:14, EXEC, v:1, k:fup@colorido, mode:FULL, rate:83
2026-05-05 17:54:14, MOVE, v:1, k:fup@colorido, mode:EDIT
2026-05-05 17:56:16, MOVE, v:1, k:fup@colorido, mode:EDIT
2026-05-05 17:56:30, EXEC, v:1, k:fup@colorido, mode:FULL, rate:83, size:45
2026-05-05 17:56:37, EXEC, v:1, k:fup@colorido, mode:FULL, rate:100, size:45
2026-05-05 17:56:49, MOVE, v:1, k:fup@colorido, mode:BACK
2026-05-05 17:57:32, SELF, v:1, k:fup@colorido, self:1, rate:100, study:120, concept:1, problem:1
2026-05-05 17:56:37, MOVE, v:1, k:fup@colorido, mode:EDIT
2026-05-05 17:56:37, MOVE, v:1, k:fup@colorido, mode:EDIT
2026-05-05 18:01:45, MOVE, v:1, k:fup@fuga, mode:DOWN
2026-05-05 18:01:46, MOVE, v:1, k:fup@fuga, mode:PICK
2026-05-05 18:01:47, EXEC, v:1, k:fup@fuga, mode:FULL, rate:0, size:5
2026-05-05 18:01:45, MOVE, v:1, k:fup@fuga, mode:EDIT
2026-05-05 18:01:45, MOVE, v:1, k:fup@fuga, mode:EDIT
2026-05-05 18:01:47, MOVE, v:1, k:fup@fuga, mode:EDIT
2026-05-05 18:03:37, MOVE, v:1, k:fup@fuga, mode:EDIT
2026-05-05 18:09:02, MOVE, v:1, k:fup@fuga, mode:BACK
2026-05-05 18:09:10, MOVE, v:1, k:fup@fuga, mode:PICK
2026-05-05 18:09:13, EXEC, v:1, k:fup@fuga, mode:FULL, rate:0, size:12
2026-05-05 18:11:21, MOVE, v:1, k:fup@fuga, mode:EDIT
2026-05-05 18:09:13, MOVE, v:1, k:fup@fuga, mode:EDIT
2026-05-05 18:11:37, EXEC, v:1, k:fup@fuga, mode:FULL, rate:40, size:20
2026-05-05 18:11:32, MOVE, v:1, k:fup@fuga, mode:EDIT
2026-05-05 18:11:37, MOVE, v:1, k:fup@fuga, mode:EDIT
2026-05-05 18:17:27, EXEC, v:1, k:fup@fuga, mode:FULL, rate:60, size:20
2026-05-05 18:19:02, MOVE, v:1, k:fup@fuga, mode:EDIT
2026-05-05 18:17:27, MOVE, v:1, k:fup@fuga, mode:EDIT
2026-05-05 18:21:36, MOVE, v:1, k:fup@fuga, mode:BACK
2026-05-05 18:21:50, MOVE, v:1, k:fup@loop_iii, mode:PICK
2026-05-05 18:25:46, MOVE, v:1, k:fup@fuga, mode:EDIT
2026-05-05 18:29:53, MOVE, v:1, k:fup@fuga, mode:EDIT
2026-05-05 18:47:21, MOVE, v:1, k:fup@loop_iii, mode:BACK
2026-05-05 18:47:29, MOVE, v:1, k:fup@fuga, mode:PICK
2026-05-05 18:54:27, MOVE, v:1, k:fup@fuga, mode:BACK
2026-05-05 18:57:26, MOVE, v:1, k:fup@fuga, mode:PICK
2026-05-05 18:57:30, EXEC, v:1, k:fup@fuga, mode:FULL, rate:0, size:9
