2026-06-22 17:18:37, MOVE, v:1, k:fup@spok, mode:PICK
2026-06-22 17:22:40, MOVE, v:1, k:fup@spok, mode:EDIT
2026-06-22 17:25:39, MOVE, v:1, k:fup@spok, mode:EDIT
2026-06-22 17:37:17, EXEC, v:1, k:fup@spok, mode:FULL, size:14, fail:COMP
2026-06-22 17:38:02, MOVE, v:1, k:fup@spok, mode:EDIT
2026-06-22 17:41:56, EXEC, v:1, k:fup@spok, mode:FULL, size:23, fail:COMP
2026-06-22 17:42:14, EXEC, v:1, k:fup@spok, mode:FULL, rate:100, size:22
2026-06-22 17:42:24, MOVE, v:1, k:fup@spok, mode:BACK
2026-06-22 17:42:33, SELF, v:1, k:fup@spok, self:1, rate:100
2026-06-22 17:42:33, MOVE, v:1, k:fup@spok, mode:PICK
2026-06-22 17:42:36, MOVE, v:1, k:fup@spok, mode:BACK
2026-06-22 17:42:12, MOVE, v:1, k:fup@spok, mode:EDIT
2026-06-22 17:42:14, MOVE, v:1, k:fup@spok, mode:EDIT
2026-06-22 17:43:58, MOVE, v:1, k:fup@batraquios, mode:PICK
2026-06-22 17:43:59, EXEC, v:1, k:fup@batraquios, mode:FULL, rate:0
2026-06-22 17:44:02, MOVE, v:1, k:fup@batraquios, mode:BACK
2026-06-22 17:44:33, MOVE, v:1, k:fup@digitos, mode:DOWN
2026-06-22 17:44:36, MOVE, v:1, k:fup@digitos, mode:PICK
2026-06-22 17:43:59, MOVE, v:1, k:fup@batraquios, mode:EDIT
2026-06-22 17:44:33, MOVE, v:1, k:fup@digitos, mode:EDIT
2026-06-22 17:51:45, MOVE, v:1, k:fup@digitos, mode:EDIT
2026-06-22 17:57:23, MOVE, v:1, k:fup@digitos, mode:EDIT
2026-06-22 17:58:10, EXEC, v:1, k:fup@digitos, mode:FULL, size:13, fail:COMP
2026-06-22 17:58:53, EXEC, v:1, k:fup@digitos, mode:FULL, size:12, fail:COMP
2026-06-22 17:59:36, EXEC, v:1, k:fup@digitos, mode:FULL, size:12, fail:COMP
2026-06-22 17:59:43, EXEC, v:1, k:fup@digitos, mode:FULL, size:12, fail:COMP
2026-06-22 18:00:05, EXEC, v:1, k:fup@digitos, mode:FULL, rate:0, size:12
2026-06-22 18:03:01, MOVE, v:1, k:fup@digitos, mode:EDIT
2026-06-22 18:00:05, MOVE, v:1, k:fup@digitos, mode:EDIT
2026-06-22 18:07:36, MOVE, v:1, k:fup@digitos, mode:EDIT
2026-06-22 18:10:38, EXEC, v:1, k:fup@digitos, mode:FULL, size:20, fail:COMP
2026-06-22 18:11:08, EXEC, v:1, k:fup@digitos, mode:FULL, size:20, fail:COMP
2026-06-22 18:11:44, MOVE, v:1, k:fup@digitos, mode:EDIT
2026-06-22 18:16:12, EXEC, v:1, k:fup@digitos, mode:FULL, rate:100, size:20
2026-06-22 18:17:11, MOVE, v:1, k:fup@digitos, mode:BACK
2026-06-22 18:17:39, SELF, v:1, k:fup@digitos, self:1, rate:100
2026-06-22 18:16:11, MOVE, v:1, k:fup@digitos, mode:EDIT
2026-06-22 18:16:12, MOVE, v:1, k:fup@digitos, mode:EDIT
2026-06-22 18:18:40, SELF, v:1, k:fup@digitos, self:1, rate:100, study:30
2026-06-22 18:22:13, MOVE, v:1, k:fup@sopa, mode:DOWN
2026-06-22 18:22:16, MOVE, v:1, k:fup@sopa, mode:PICK
2026-06-22 18:22:13, MOVE, v:1, k:fup@sopa, mode:EDIT
2026-06-22 18:25:04, MOVE, v:1, k:fup@sopa, mode:EDIT
2026-06-22 19:14:18, MOVE, v:1, k:fup@sopa, mode:PICK
2026-06-22 19:23:28, EXEC, v:1, k:fup@sopa, mode:FULL, rate:0, size:7
2026-06-22 19:23:28, MOVE, v:1, k:fup@sopa, mode:EDIT
