2026-04-22 00:59:02, MOVE, v:1, k:fup@impar, mode:DOWN
2026-04-22 00:59:12, MOVE, v:1, k:fup@impar, mode:PICK
2026-04-22 00:59:02, MOVE, v:1, k:fup@impar, mode:EDIT
2026-04-22 00:59:02, MOVE, v:1, k:fup@impar, mode:EDIT
2026-04-22 01:01:24, MOVE, v:1, k:fup@impar, mode:EDIT
2026-04-22 01:05:52, EXEC, v:1, k:fup@impar, mode:FULL, rate:57, size:20
2026-04-22 01:06:16, EXEC, v:1, k:fup@impar, mode:FULL, rate:100, size:20
2026-04-22 01:06:15, MOVE, v:1, k:fup@impar, mode:EDIT
2026-04-22 01:06:16, MOVE, v:1, k:fup@impar, mode:EDIT
2026-04-22 01:07:48, MOVE, v:1, k:fup@impar, mode:BACK
2026-04-22 01:08:02, MOVE, v:1, k:fup@round, mode:DOWN
2026-04-22 01:08:04, MOVE, v:1, k:fup@round, mode:PICK
2026-04-22 01:08:02, MOVE, v:1, k:fup@round, mode:EDIT
2026-04-22 01:08:02, MOVE, v:1, k:fup@round, mode:EDIT
2026-04-22 01:08:34, MOVE, v:1, k:fup@round, mode:EDIT
2026-04-22 01:41:24, MOVE, v:1, k:fup@round, mode:EDIT
2026-04-22 01:44:10, EXEC, v:1, k:fup@round, mode:FULL, rate:100, size:15
2026-04-22 01:45:14, MOVE, v:1, k:fup@round, mode:BACK
2026-04-22 01:45:20, MOVE, v:1, k:fup@mumia, mode:DOWN
2026-04-22 01:45:21, MOVE, v:1, k:fup@mumia, mode:PICK
2026-04-22 01:44:47, MOVE, v:1, k:fup@round, mode:EDIT
2026-04-22 01:44:09, MOVE, v:1, k:fup@round, mode:EDIT
2026-04-22 01:45:20, MOVE, v:1, k:fup@mumia, mode:EDIT
2026-04-22 01:45:20, MOVE, v:1, k:fup@mumia, mode:EDIT
2026-04-22 01:46:26, MOVE, v:1, k:fup@mumia, mode:EDIT
2026-04-22 01:50:34, EXEC, v:1, k:fup@mumia, mode:FULL, rate:0, size:17
2026-04-22 01:51:21, MOVE, v:1, k:fup@mumia, mode:EDIT
2026-04-22 01:50:34, MOVE, v:1, k:fup@mumia, mode:EDIT
2026-04-22 01:52:56, EXEC, v:1, k:fup@mumia, mode:FULL, rate:0, size:18
2026-04-22 01:53:12, EXEC, v:1, k:fup@mumia, mode:FULL, rate:0, size:18
2026-04-22 01:53:55, EXEC, v:1, k:fup@mumia, mode:FULL, rate:100, size:18
2026-04-22 01:54:21, MOVE, v:1, k:fup@mumia, mode:BACK
2026-04-22 01:54:28, MOVE, v:1, k:fup@meio, mode:DOWN
2026-04-22 01:54:29, MOVE, v:1, k:fup@meio, mode:PICK
2026-04-22 01:53:54, MOVE, v:1, k:fup@mumia, mode:EDIT
2026-04-22 01:53:55, MOVE, v:1, k:fup@mumia, mode:EDIT
2026-04-22 01:54:28, MOVE, v:1, k:fup@meio, mode:EDIT
2026-04-22 01:56:26, MOVE, v:1, k:fup@meio, mode:EDIT
2026-04-22 02:01:23, MOVE, v:1, k:fup@meio, mode:EDIT
2026-04-22 02:04:00, EXEC, v:1, k:fup@meio, mode:FULL, rate:0, size:15
2026-04-22 02:04:10, EXEC, v:1, k:fup@meio, mode:FULL, rate:80, size:13
2026-04-22 02:04:10, MOVE, v:1, k:fup@meio, mode:EDIT
2026-04-22 02:04:10, MOVE, v:1, k:fup@meio, mode:EDIT
2026-04-22 02:10:02, EXEC, v:1, k:fup@meio, mode:FULL, rate:100, size:13
2026-04-22 02:09:53, MOVE, v:1, k:fup@meio, mode:EDIT
2026-04-22 02:10:01, MOVE, v:1, k:fup@meio, mode:EDIT
2026-04-22 02:18:52, MOVE, v:1, k:fup@meio, mode:BACK
2026-04-22 02:19:02, MOVE, v:1, k:fup@jokenpo, mode:DOWN
2026-04-22 02:19:03, MOVE, v:1, k:fup@jokenpo, mode:PICK
2026-04-22 02:19:02, MOVE, v:1, k:fup@jokenpo, mode:EDIT
2026-04-22 02:19:02, MOVE, v:1, k:fup@jokenpo, mode:EDIT
2026-04-22 02:21:26, MOVE, v:1, k:fup@jokenpo, mode:EDIT
2026-04-22 02:26:16, MOVE, v:1, k:fup@jokenpo, mode:EDIT
2026-04-22 02:26:52, EXEC, v:1, k:fup@jokenpo, mode:FULL, rate:100, size:14
2026-04-22 02:27:43, MOVE, v:1, k:fup@jokenpo, mode:BACK
2026-04-22 02:28:28, MOVE, v:1, k:fup@semana, mode:DOWN
2026-04-22 02:28:37, MOVE, v:1, k:fup@semana, mode:PICK
2026-04-22 02:26:51, MOVE, v:1, k:fup@jokenpo, mode:EDIT
2026-04-22 02:26:52, MOVE, v:1, k:fup@jokenpo, mode:EDIT
2026-04-22 02:28:28, MOVE, v:1, k:fup@semana, mode:EDIT
2026-04-22 02:28:28, MOVE, v:1, k:fup@semana, mode:EDIT
2026-04-22 02:28:28, MOVE, v:1, k:fup@semana, mode:EDIT
2026-04-22 02:46:08, MOVE, v:1, k:fup@semana, mode:EDIT
2026-04-22 02:50:25, EXEC, v:1, k:fup@semana, mode:FULL, size:13, fail:COMP
2026-04-22 02:50:54, EXEC, v:1, k:fup@semana, mode:FULL, rate:85, size:13
2026-04-22 02:50:53, MOVE, v:1, k:fup@semana, mode:EDIT
2026-04-22 02:50:53, MOVE, v:1, k:fup@semana, mode:EDIT
2026-04-22 02:51:45, EXEC, v:1, k:fup@semana, mode:FULL, rate:80, size:13
2026-04-22 02:53:13, EXEC, v:1, k:fup@semana, mode:FULL, size:16, fail:COMP
2026-04-22 02:53:21, EXEC, v:1, k:fup@semana, mode:FULL, rate:80, size:15
2026-04-22 02:54:36, EXEC, v:1, k:fup@semana, mode:FULL, rate:90, size:15
2026-04-22 02:55:13, EXEC, v:1, k:fup@semana, mode:FULL, rate:80, size:15
2026-04-22 02:55:26, EXEC, v:1, k:fup@semana, mode:FULL, rate:90, size:15
2026-04-22 02:55:24, MOVE, v:1, k:fup@semana, mode:EDIT
2026-04-22 02:55:26, MOVE, v:1, k:fup@semana, mode:EDIT
2026-04-22 03:01:06, EXEC, v:1, k:fup@semana, mode:FULL, rate:100, size:13
2026-04-22 03:01:05, MOVE, v:1, k:fup@semana, mode:EDIT
2026-04-22 03:01:06, MOVE, v:1, k:fup@semana, mode:EDIT
2026-04-22 03:06:18, MOVE, v:1, k:fup@semana, mode:BACK
2026-04-22 03:06:28, MOVE, v:1, k:fup@varetas, mode:DOWN
2026-04-22 03:06:28, MOVE, v:1, k:fup@varetas, mode:EDIT
2026-04-22 03:06:28, MOVE, v:1, k:fup@varetas, mode:EDIT
2026-04-22 03:06:28, MOVE, v:1, k:fup@varetas, mode:EDIT
2026-04-22 03:06:32, MOVE, v:1, k:fup@varetas, mode:PICK
2026-04-22 03:11:28, MOVE, v:1, k:fup@varetas, mode:EDIT
2026-04-22 03:16:28, MOVE, v:1, k:fup@varetas, mode:EDIT
2026-04-22 03:17:46, EXEC, v:1, k:fup@varetas, mode:FULL, rate:49, size:11
2026-04-22 03:18:23, EXEC, v:1, k:fup@varetas, mode:FULL, rate:51, size:11
2026-04-22 03:21:26, EXEC, v:1, k:fup@varetas, mode:FULL, rate:4, size:11
2026-04-22 03:21:23, MOVE, v:1, k:fup@varetas, mode:EDIT
2026-04-22 03:21:24, MOVE, v:1, k:fup@varetas, mode:EDIT
2026-04-22 03:22:59, EXEC, v:1, k:fup@varetas, mode:FULL, rate:0, size:11
2026-04-22 03:23:26, EXEC, v:1, k:fup@varetas, mode:FULL, rate:49, size:11
2026-04-22 03:26:29, EXEC, v:1, k:fup@varetas, mode:FULL, rate:0, size:11
2026-04-22 03:26:06, MOVE, v:1, k:fup@varetas, mode:EDIT
2026-04-22 03:26:28, MOVE, v:1, k:fup@varetas, mode:EDIT
2026-04-22 03:26:55, EXEC, v:1, k:fup@varetas, mode:FULL, rate:100, size:11
