2026-07-05 22:59:55, MOVE, v:1, k:fup@substring, mode:PICK
2026-07-05 22:59:59, EXEC, v:1, k:fup@substring, mode:FULL, rate:0
2026-07-05 22:59:58, MOVE, v:1, k:fup@substring, mode:EDIT
2026-07-05 23:14:45, MOVE, v:1, k:fup@substring, mode:EDIT
2026-07-05 23:19:42, MOVE, v:1, k:fup@substring, mode:EDIT
2026-07-05 23:20:56, EXEC, v:1, k:fup@substring, mode:FULL, size:35, fail:COMP
2026-07-05 23:21:04, EXEC, v:1, k:fup@substring, mode:FULL, size:35, fail:COMP
2026-07-05 23:21:24, EXEC, v:1, k:fup@substring, mode:FULL, rate:0, size:34
2026-07-05 23:21:40, EXEC, v:1, k:fup@substring, mode:FULL, rate:14, size:34
2026-07-05 23:21:49, EXEC, v:1, k:fup@substring, mode:FULL, rate:0, size:34
2026-07-05 23:22:59, EXEC, v:1, k:fup@substring, mode:FULL, rate:0, size:34
2026-07-05 23:23:20, EXEC, v:1, k:fup@substring, mode:FULL, rate:0, size:34
2026-07-05 23:24:33, EXEC, v:1, k:fup@substring, mode:FULL, rate:0, size:34
2026-07-05 23:24:32, MOVE, v:1, k:fup@substring, mode:EDIT
2026-07-05 23:24:33, MOVE, v:1, k:fup@substring, mode:EDIT
2026-07-05 23:28:04, EXEC, v:1, k:fup@substring, mode:FULL, rate:0, size:35
2026-07-05 23:28:27, EXEC, v:1, k:fup@substring, mode:FULL, rate:100, size:35
2026-07-05 23:28:31, MOVE, v:1, k:fup@substring, mode:BACK
2026-07-05 23:28:50, SELF, v:1, k:fup@substring, self:1, rate:100, study:30, refactor:1
2026-07-05 23:29:02, MOVE, v:1, k:fup@leds, mode:DOWN
2026-07-05 23:29:05, MOVE, v:1, k:fup@leds, mode:PICK
2026-07-05 23:29:38, MOVE, v:1, k:fup@leds, mode:PICK
2026-07-05 23:29:39, EXEC, v:1, k:fup@leds, mode:FULL, rate:0, size:5
2026-07-05 23:29:39, MOVE, v:1, k:fup@leds, mode:EDIT
2026-07-05 23:38:27, MOVE, v:1, k:fup@leds, mode:BACK
2026-07-05 23:38:31, MOVE, v:1, k:fup@ru, mode:DOWN
2026-07-05 23:38:32, MOVE, v:1, k:fup@ru, mode:PICK
2026-07-05 23:38:31, MOVE, v:1, k:fup@ru, mode:EDIT
2026-07-05 23:49:34, MOVE, v:1, k:fup@ru, mode:EDIT
2026-07-05 23:49:43, EXEC, v:1, k:fup@ru, mode:FULL, rate:0, size:7
2026-07-05 23:50:32, EXEC, v:1, k:fup@ru, mode:FULL, rate:0, size:7
2026-07-05 23:54:06, MOVE, v:1, k:fup@ru, mode:EDIT
2026-07-05 23:50:32, MOVE, v:1, k:fup@ru, mode:EDIT
2026-07-05 23:55:41, MOVE, v:1, k:fup@ru, mode:EDIT
