2026-05-04 18:12:57, MOVE, v:1, k:fup@colorido, mode:PICK
2026-05-04 18:13:06, EXEC, v:1, k:fup@colorido, mode:FULL, rate:83
2026-05-04 18:13:25, MOVE, v:1, k:fup@colorido, mode:BACK
2026-05-04 18:15:24, SELF, v:1, k:fup@max, self:1, rate:100, study:12, refactor:1
2026-05-04 18:15:27, MOVE, v:1, k:fup@ou, mode:PICK
2026-05-04 18:15:29, MOVE, v:1, k:fup@ou, mode:BACK
2026-05-04 18:16:35, SELF, v:1, k:fup@ou, self:1, rate:100, study:5
2026-05-04 18:16:40, MOVE, v:1, k:fup@abs, mode:PICK
2026-05-04 18:16:41, MOVE, v:1, k:fup@abs, mode:BACK
2026-05-04 18:16:56, SELF, v:1, k:fup@abs, self:1, rate:100, friend:Mikaele Silva
2026-05-04 18:13:06, MOVE, v:1, k:fup@colorido, mode:EDIT
2026-05-04 18:41:52, MOVE, v:1, k:fup@positivo, mode:PICK
2026-05-04 18:41:53, MOVE, v:1, k:fup@positivo, mode:BACK
2026-05-04 18:42:09, SELF, v:1, k:fup@positivo, self:1, rate:100, study:3
2026-05-04 18:42:09, MOVE, v:1, k:fup@positivo, mode:PICK
2026-05-04 18:42:11, MOVE, v:1, k:fup@positivo, mode:BACK
2026-05-04 18:42:17, MOVE, v:1, k:fup@multiplo, mode:PICK
2026-05-04 18:42:19, MOVE, v:1, k:fup@multiplo, mode:BACK
2026-05-04 18:42:37, SELF, v:1, k:fup@multiplo, self:1, rate:100, study:3
2026-05-04 18:42:37, MOVE, v:1, k:fup@multiplo, mode:PICK
2026-05-04 18:42:39, MOVE, v:1, k:fup@multiplo, mode:BACK
2026-05-04 18:42:40, MOVE, v:1, k:fup@calc, mode:PICK
2026-05-04 18:42:42, MOVE, v:1, k:fup@calc, mode:BACK
2026-05-04 18:42:54, SELF, v:1, k:fup@calc, self:1, rate:100, study:2
2026-05-04 18:42:54, MOVE, v:1, k:fup@calc, mode:PICK
2026-05-04 18:42:55, EXEC, v:1, k:fup@calc, mode:FULL, rate:100
2026-05-04 18:42:56, MOVE, v:1, k:fup@calc, mode:BACK
2026-05-04 18:43:21, SELF, v:1, k:fup@guarda, self:1, rate:100, study:2
2026-05-04 18:43:21, MOVE, v:1, k:fup@guarda, mode:PICK
2026-05-04 18:43:23, MOVE, v:1, k:fup@guarda, mode:BACK
2026-05-04 18:43:24, MOVE, v:1, k:fup@guarda, mode:PICK
2026-05-04 18:43:26, MOVE, v:1, k:fup@guarda, mode:BACK
2026-05-04 18:43:35, SELF, v:1, k:fup@quantos, self:1, rate:100, study:2
2026-05-04 18:43:35, MOVE, v:1, k:fup@quantos, mode:PICK
2026-05-04 18:43:37, MOVE, v:1, k:fup@quantos, mode:BACK
2026-05-04 18:43:40, MOVE, v:1, k:fup@impar, mode:PICK
2026-05-04 18:43:41, MOVE, v:1, k:fup@impar, mode:BACK
2026-05-04 18:44:14, MOVE, v:1, k:fup@impar, mode:PICK
2026-05-04 18:44:16, EXEC, v:1, k:fup@impar, mode:FULL, rate:100
2026-05-04 18:44:18, MOVE, v:1, k:fup@impar, mode:BACK
2026-05-04 18:44:36, SELF, v:1, k:fup@impar, self:1, rate:100, study:5
2026-05-04 18:44:36, MOVE, v:1, k:fup@impar, mode:PICK
2026-05-04 18:44:38, MOVE, v:1, k:fup@impar, mode:BACK
2026-05-04 18:44:45, MOVE, v:1, k:fup@round, mode:PICK
2026-05-04 18:44:46, MOVE, v:1, k:fup@round, mode:BACK
2026-05-04 18:45:00, SELF, v:1, k:fup@round, self:1, rate:100, study:6
2026-05-04 18:45:00, MOVE, v:1, k:fup@round, mode:PICK
2026-05-04 18:45:02, MOVE, v:1, k:fup@round, mode:BACK
2026-05-04 18:45:53, SELF, v:1, k:fup@mumia, self:1, study:3
2026-05-04 18:45:59, MOVE, v:1, k:fup@mumia, mode:PICK
2026-05-04 18:46:01, EXEC, v:1, k:fup@mumia, mode:FULL, rate:100
2026-05-04 18:46:04, MOVE, v:1, k:fup@mumia, mode:BACK
2026-05-04 18:46:24, SELF, v:1, k:fup@meio, self:1, rate:100, study:5
2026-05-04 18:46:34, MOVE, v:1, k:fup@jokenpo, mode:PICK
2026-05-04 18:46:35, EXEC, v:1, k:fup@jokenpo, mode:FULL, rate:100, size:15
2026-05-04 18:46:36, MOVE, v:1, k:fup@jokenpo, mode:BACK
2026-05-04 18:46:39, MOVE, v:1, k:fup@jokenpo, mode:PICK
2026-05-04 18:46:42, MOVE, v:1, k:fup@jokenpo, mode:BACK
2026-05-04 18:46:51, SELF, v:1, k:fup@jokenpo, self:1, rate:100, study:6
2026-05-04 18:42:55, MOVE, v:1, k:fup@calc, mode:EDIT
2026-05-04 18:44:15, MOVE, v:1, k:fup@impar, mode:EDIT
2026-05-04 18:46:01, MOVE, v:1, k:fup@mumia, mode:EDIT
2026-05-04 18:46:35, MOVE, v:1, k:fup@jokenpo, mode:EDIT
2026-05-04 18:47:30, SELF, v:1, k:fup@final, self:1, rate:100, study:10
2026-05-04 18:48:07, SELF, v:1, k:fup@semana, self:1, rate:100, study:29
2026-05-04 18:48:21, MOVE, v:1, k:fup@varetas, mode:PICK
2026-05-04 18:48:22, EXEC, v:1, k:fup@varetas, mode:FREE
2026-05-04 18:48:40, MOVE, v:1, k:fup@varetas, mode:BACK
2026-05-04 18:48:50, SELF, v:1, k:fup@varetas, self:1, rate:100, study:23
2026-05-04 18:49:05, MOVE, v:1, k:fup@bhaskara, mode:PICK
2026-05-04 18:49:07, EXEC, v:1, k:fup@bhaskara, mode:FULL, rate:100
2026-05-04 18:49:09, MOVE, v:1, k:fup@bhaskara, mode:BACK
2026-05-04 18:49:21, SELF, v:1, k:fup@bhaskara, self:1, rate:100, study:56
2026-05-04 18:49:24, MOVE, v:1, k:fup@cortada, mode:PICK
2026-05-04 18:49:26, EXEC, v:1, k:fup@cortada, mode:FULL, rate:100
2026-05-04 18:49:27, MOVE, v:1, k:fup@cortada, mode:BACK
2026-05-04 18:49:39, SELF, v:1, k:fup@cortada, self:1, rate:100, study:32
2026-05-04 18:49:58, MOVE, v:1, k:fup@monica, mode:PICK
2026-05-04 18:50:00, EXEC, v:1, k:fup@monica, mode:FULL, rate:100
2026-05-04 18:50:00, MOVE, v:1, k:fup@monica, mode:BACK
2026-05-04 18:50:11, SELF, v:1, k:fup@monica, self:1, rate:100, study:15
2026-05-04 18:50:15, MOVE, v:1, k:fup@drone, mode:PICK
2026-05-04 18:50:16, EXEC, v:1, k:fup@drone, mode:FULL, rate:100
2026-05-04 18:50:17, MOVE, v:1, k:fup@drone, mode:BACK
2026-05-04 18:50:25, SELF, v:1, k:fup@drone, self:1, rate:100, study:15
2026-05-04 18:50:48, SELF, v:1, k:fup@teleferico, self:1, rate:100, study:15
2026-05-04 18:50:58, SELF, v:1, k:fup@goiabas, self:1, rate:25, study:15
2026-05-04 18:50:58, MOVE, v:1, k:fup@goiabas, mode:PICK
2026-05-04 18:50:58, EXEC, v:1, k:fup@goiabas, mode:FULL, rate:100
2026-05-04 18:50:58, EXEC, v:1, k:fup@goiabas, mode:FULL, rate:100
2026-05-04 18:50:59, EXEC, v:1, k:fup@goiabas, mode:FULL, rate:100
2026-05-04 18:50:59, EXEC, v:1, k:fup@goiabas, mode:FULL, rate:100
2026-05-04 18:51:01, MOVE, v:1, k:fup@goiabas, mode:BACK
2026-05-04 18:51:07, MOVE, v:1, k:fup@cobra, mode:PICK
2026-05-04 18:51:08, EXEC, v:1, k:fup@cobra, mode:FULL, rate:0, size:5
2026-05-04 18:51:32, MOVE, v:1, k:fup@cobra, mode:BACK
2026-05-04 18:52:05, MOVE, v:1, k:fup@salario, mode:DOWN
2026-05-04 18:52:06, MOVE, v:1, k:fup@salario, mode:PICK
2026-05-04 18:52:07, EXEC, v:1, k:fup@salario, mode:FULL, rate:0, size:5
2026-05-04 18:52:09, MOVE, v:1, k:fup@salario, mode:BACK
2026-05-04 18:48:23, MOVE, v:1, k:fup@varetas, mode:EDIT
2026-05-04 18:49:06, MOVE, v:1, k:fup@bhaskara, mode:EDIT
2026-05-04 18:49:25, MOVE, v:1, k:fup@cortada, mode:EDIT
2026-05-04 18:49:59, MOVE, v:1, k:fup@monica, mode:EDIT
2026-05-04 18:50:16, MOVE, v:1, k:fup@drone, mode:EDIT
2026-05-04 18:50:59, MOVE, v:1, k:fup@goiabas, mode:EDIT
2026-05-04 18:51:08, MOVE, v:1, k:fup@cobra, mode:EDIT
2026-05-04 18:52:05, MOVE, v:1, k:fup@salario, mode:EDIT
2026-05-04 18:52:05, MOVE, v:1, k:fup@salario, mode:EDIT
2026-05-04 18:52:07, MOVE, v:1, k:fup@salario, mode:EDIT
2026-05-04 18:52:26, MOVE, v:1, k:fup@loop_i, mode:PICK
2026-05-04 18:52:28, EXEC, v:1, k:fup@loop_i, mode:FULL, rate:100
2026-05-04 18:52:29, MOVE, v:1, k:fup@loop_i, mode:BACK
2026-05-04 18:53:00, SELF, v:1, k:fup@loop_i, self:1, rate:100, study:25
2026-05-04 18:53:00, MOVE, v:1, k:fup@loop_i, mode:PICK
2026-05-04 18:53:01, EXEC, v:1, k:fup@loop_i, mode:FULL, rate:100
2026-05-04 18:53:01, EXEC, v:1, k:fup@loop_i, mode:FULL, rate:100
2026-05-04 18:53:01, EXEC, v:1, k:fup@loop_i, mode:FULL, rate:100
2026-05-04 18:53:02, EXEC, v:1, k:fup@loop_i, mode:FULL, rate:100
2026-05-04 18:53:02, MOVE, v:1, k:fup@loop_i, mode:BACK
2026-05-04 18:53:08, MOVE, v:1, k:fup@loop_ii, mode:PICK
2026-05-04 18:53:09, EXEC, v:1, k:fup@loop_ii, mode:FULL, rate:100
2026-05-04 18:53:12, MOVE, v:1, k:fup@loop_ii, mode:BACK
2026-05-04 18:53:19, SELF, v:1, k:fup@loop_ii, self:1, rate:100, study:29
2026-05-04 18:53:27, MOVE, v:1, k:fup@loop_iii, mode:PICK
2026-05-04 18:53:28, EXEC, v:1, k:fup@loop_iii, mode:FULL, rate:100
2026-05-04 18:53:30, MOVE, v:1, k:fup@loop_iii, mode:BACK
2026-05-04 18:54:32, SELF, v:1, k:fup@loop_iii, self:1, rate:100, study:19
2026-05-04 18:54:40, MOVE, v:1, k:fup@loop_iv, mode:PICK
2026-05-04 18:54:43, EXEC, v:1, k:fup@loop_iv, mode:FULL, rate:100
2026-05-04 18:54:44, MOVE, v:1, k:fup@loop_iv, mode:BACK
2026-05-04 18:54:45, MOVE, v:1, k:fup@loop_v, mode:PICK
2026-05-04 18:54:46, EXEC, v:1, k:fup@loop_v, mode:FULL, rate:100
2026-05-04 18:54:47, MOVE, v:1, k:fup@loop_v, mode:BACK
2026-05-04 18:54:48, MOVE, v:1, k:fup@pares, mode:PICK
2026-05-04 18:54:50, EXEC, v:1, k:fup@pares, mode:FULL, rate:100
2026-05-04 18:54:51, MOVE, v:1, k:fup@pares, mode:BACK
2026-05-04 18:54:53, MOVE, v:1, k:fup@sapatos, mode:PICK
2026-05-04 18:54:54, EXEC, v:1, k:fup@sapatos, mode:FULL, rate:100
2026-05-04 18:54:54, MOVE, v:1, k:fup@sapatos, mode:BACK
2026-05-04 18:54:55, MOVE, v:1, k:fup@filhos, mode:PICK
2026-05-04 18:54:56, EXEC, v:1, k:fup@filhos, mode:FULL, size:14, fail:COMP
2026-05-04 18:54:57, MOVE, v:1, k:fup@filhos, mode:BACK
2026-05-04 18:55:01, MOVE, v:1, k:fup@filhos, mode:PICK
2026-05-04 18:55:02, EXEC, v:1, k:fup@filhos, mode:FULL, fail:COMP
2026-05-04 18:56:04, MOVE, v:1, k:fup@filhos, mode:BACK
2026-05-04 18:56:07, MOVE, v:1, k:fup@ceu, mode:PICK
2026-05-04 18:56:08, EXEC, v:1, k:fup@ceu, mode:FULL, rate:100
2026-05-04 18:56:09, MOVE, v:1, k:fup@ceu, mode:BACK
2026-05-04 18:56:24, SELF, v:1, k:fup@loop_iv, self:1, rate:100, study:10
2026-05-04 18:56:26, MOVE, v:1, k:fup@loop_v, mode:PICK
2026-05-04 18:56:29, MOVE, v:1, k:fup@loop_v, mode:BACK
2026-05-04 18:56:34, SELF, v:1, k:fup@loop_v, self:1, rate:100, study:10
2026-05-04 18:56:53, SELF, v:1, k:fup@pares, self:1, rate:100, study:10
2026-05-04 18:56:53, MOVE, v:1, k:fup@pares, mode:PICK
2026-05-04 18:56:54, EXEC, v:1, k:fup@pares, mode:FULL, rate:100
2026-05-04 18:56:54, EXEC, v:1, k:fup@pares, mode:FULL, rate:100
2026-05-04 18:56:55, MOVE, v:1, k:fup@pares, mode:BACK
2026-05-04 18:57:03, SELF, v:1, k:fup@sapatos, self:1, rate:100, study:10
2026-05-04 18:57:03, MOVE, v:1, k:fup@sapatos, mode:PICK
2026-05-04 18:57:04, EXEC, v:1, k:fup@sapatos, mode:FULL, rate:100
2026-05-04 18:57:04, EXEC, v:1, k:fup@sapatos, mode:FULL, rate:100
2026-05-04 18:57:05, EXEC, v:1, k:fup@sapatos, mode:FULL, rate:100
2026-05-04 18:57:06, MOVE, v:1, k:fup@sapatos, mode:BACK
2026-05-04 18:57:23, SELF, v:1, k:fup@ceu, self:1, rate:100, study:10
2026-05-04 18:57:32, SELF, v:1, k:fup@esconde, self:1, study:10
2026-05-04 18:57:38, MOVE, v:1, k:fup@zigzag, mode:PICK
2026-05-04 18:57:39, EXEC, v:1, k:fup@zigzag, mode:FULL, rate:100
2026-05-04 18:57:41, MOVE, v:1, k:fup@zigzag, mode:BACK
2026-05-04 18:57:42, MOVE, v:1, k:fup@colorido, mode:PICK
2026-05-04 18:57:44, EXEC, v:1, k:fup@colorido, mode:FULL, rate:83
2026-05-04 18:57:46, MOVE, v:1, k:fup@colorido, mode:BACK
2026-05-04 18:53:02, MOVE, v:1, k:fup@loop_i, mode:EDIT
2026-05-04 18:53:09, MOVE, v:1, k:fup@loop_ii, mode:EDIT
2026-05-04 18:53:28, MOVE, v:1, k:fup@loop_iii, mode:EDIT
2026-05-04 18:58:20, SELF, v:1, k:fup@pares, self:1, rate:100, study:19
2026-05-04 18:58:35, SELF, v:1, k:fup@sapatos, self:1, rate:100, study:10
2026-05-04 18:58:40, MOVE, v:1, k:fup@esconde, mode:PICK
2026-05-04 18:58:41, EXEC, v:1, k:fup@esconde, mode:FULL, rate:0, size:18
2026-05-04 18:59:01, MOVE, v:1, k:fup@esconde, mode:BACK
2026-05-04 18:59:10, SELF, v:1, k:fup@zigzag, self:1, rate:100, study:10
2026-05-04 18:59:10, MOVE, v:1, k:fup@zigzag, mode:PICK
2026-05-04 18:59:11, EXEC, v:1, k:fup@zigzag, mode:FULL, rate:100
2026-05-04 18:59:12, MOVE, v:1, k:fup@zigzag, mode:BACK
2026-05-04 18:59:23, SELF, v:1, k:fup@concentra, self:1, rate:100, study:19
2026-05-04 19:12:25, SELF, v:1, k:fup@zigzag, self:1, rate:100, study:10
2026-05-04 19:12:25, MOVE, v:1, k:fup@zigzag, mode:PICK
2026-05-04 19:12:25, EXEC, v:1, k:fup@zigzag, mode:FULL, rate:100
2026-05-04 19:12:26, EXEC, v:1, k:fup@zigzag, mode:FULL, rate:100
2026-05-04 19:12:26, EXEC, v:1, k:fup@zigzag, mode:FULL, rate:100
2026-05-04 19:12:26, EXEC, v:1, k:fup@zigzag, mode:FULL, rate:100
2026-05-04 19:12:27, EXEC, v:1, k:fup@zigzag, mode:FULL, rate:100
2026-05-04 19:12:28, MOVE, v:1, k:fup@zigzag, mode:BACK
2026-05-04 19:12:35, MOVE, v:1, k:fup@loop_ii, mode:PICK
2026-05-04 19:12:36, EXEC, v:1, k:fup@loop_ii, mode:FULL, rate:100
2026-05-04 19:12:37, MOVE, v:1, k:fup@loop_ii, mode:BACK
2026-05-04 19:12:38, MOVE, v:1, k:fup@loop_iii, mode:PICK
2026-05-04 19:12:39, EXEC, v:1, k:fup@loop_iii, mode:FULL, rate:100
2026-05-04 19:12:40, MOVE, v:1, k:fup@loop_iii, mode:BACK
2026-05-04 19:12:50, SELF, v:1, k:fup@loop_i, self:1, rate:100, study:25
2026-05-04 19:12:50, MOVE, v:1, k:fup@loop_i, mode:PICK
2026-05-04 19:12:51, EXEC, v:1, k:fup@loop_i, mode:FULL, rate:100
2026-05-04 19:12:52, MOVE, v:1, k:fup@loop_i, mode:BACK
2026-05-04 19:12:58, MOVE, v:1, k:fup@monica, mode:PICK
2026-05-04 19:13:00, EXEC, v:1, k:fup@monica, mode:FULL, rate:100
2026-05-04 19:13:00, MOVE, v:1, k:fup@monica, mode:BACK
2026-05-04 19:13:01, MOVE, v:1, k:fup@drone, mode:PICK
2026-05-04 19:13:02, EXEC, v:1, k:fup@drone, mode:FULL, rate:100
2026-05-04 19:13:03, MOVE, v:1, k:fup@drone, mode:BACK
2026-05-04 19:13:12, SELF, v:1, k:fup@goiabas, self:1, rate:100, study:18
2026-05-04 19:13:12, MOVE, v:1, k:fup@goiabas, mode:PICK
2026-05-04 19:13:12, EXEC, v:1, k:fup@goiabas, mode:FULL, rate:100
2026-05-04 19:13:13, EXEC, v:1, k:fup@goiabas, mode:FULL, rate:100
2026-05-04 19:13:13, EXEC, v:1, k:fup@goiabas, mode:FULL, rate:100
2026-05-04 19:13:14, MOVE, v:1, k:fup@goiabas, mode:BACK
2026-05-04 19:13:20, MOVE, v:1, k:fup@varetas, mode:PICK
2026-05-04 19:13:23, EXEC, v:1, k:fup@varetas, mode:FULL, rate:100
2026-05-04 19:13:23, MOVE, v:1, k:fup@varetas, mode:BACK
2026-05-04 19:13:28, MOVE, v:1, k:fup@jokenpo, mode:PICK
2026-05-04 19:13:29, EXEC, v:1, k:fup@jokenpo, mode:FULL, rate:100
2026-05-04 19:13:30, MOVE, v:1, k:fup@jokenpo, mode:BACK
2026-05-04 19:13:31, MOVE, v:1, k:fup@mumia, mode:PICK
2026-05-04 19:13:33, EXEC, v:1, k:fup@mumia, mode:FULL, rate:100
2026-05-04 19:13:34, MOVE, v:1, k:fup@mumia, mode:BACK
2026-05-04 19:13:39, SELF, v:1, k:fup@round, self:1, rate:100, study:10
2026-05-04 19:13:39, MOVE, v:1, k:fup@round, mode:PICK
2026-05-04 19:13:40, EXEC, v:1, k:fup@round, mode:FULL, rate:100
2026-05-04 19:13:40, MOVE, v:1, k:fup@round, mode:BACK
2026-05-04 19:13:55, SELF, v:1, k:fup@positivo, self:1, rate:100, study:10
2026-05-04 19:13:55, MOVE, v:1, k:fup@positivo, mode:PICK
2026-05-04 19:13:56, EXEC, v:1, k:fup@positivo, mode:FULL, rate:100
2026-05-04 19:13:57, MOVE, v:1, k:fup@positivo, mode:BACK
2026-05-04 19:14:05, SELF, v:1, k:fup@multiplo, self:1, rate:100, study:25
2026-05-04 19:14:05, MOVE, v:1, k:fup@multiplo, mode:PICK
2026-05-04 19:14:05, EXEC, v:1, k:fup@multiplo, mode:FULL, rate:100
2026-05-04 19:14:06, EXEC, v:1, k:fup@multiplo, mode:FULL, rate:100
2026-05-04 19:14:06, MOVE, v:1, k:fup@multiplo, mode:BACK
2026-05-04 19:14:11, SELF, v:1, k:fup@calc, self:1, rate:100, study:10
2026-05-04 19:14:11, MOVE, v:1, k:fup@calc, mode:PICK
2026-05-04 19:14:12, EXEC, v:1, k:fup@calc, mode:FULL, rate:100
2026-05-04 19:14:12, EXEC, v:1, k:fup@calc, mode:FULL, rate:100
2026-05-04 19:14:13, EXEC, v:1, k:fup@calc, mode:FULL, rate:100
2026-05-04 19:14:14, MOVE, v:1, k:fup@calc, mode:BACK
2026-05-04 19:14:23, SELF, v:1, k:fup@guarda, self:1, rate:100, study:25
2026-05-04 19:14:23, MOVE, v:1, k:fup@guarda, mode:PICK
2026-05-04 19:14:23, EXEC, v:1, k:fup@guarda, mode:FULL, rate:100
2026-05-04 19:14:24, MOVE, v:1, k:fup@guarda, mode:BACK
2026-05-04 19:14:33, SELF, v:1, k:fup@quantos, self:1, rate:100, study:25
2026-05-04 19:14:33, MOVE, v:1, k:fup@quantos, mode:PICK
2026-05-04 19:14:34, EXEC, v:1, k:fup@quantos, mode:FULL, rate:100
2026-05-04 19:14:34, EXEC, v:1, k:fup@quantos, mode:FULL, rate:100
2026-05-04 19:14:35, EXEC, v:1, k:fup@quantos, mode:FULL, rate:100
2026-05-04 19:14:37, MOVE, v:1, k:fup@quantos, mode:BACK
2026-05-04 19:14:45, SELF, v:1, k:fup@impar, self:1, rate:100, study:15
2026-05-04 19:14:45, MOVE, v:1, k:fup@impar, mode:PICK
2026-05-04 19:14:45, EXEC, v:1, k:fup@impar, mode:FULL, rate:100
2026-05-04 19:14:46, EXEC, v:1, k:fup@impar, mode:FULL, rate:100
2026-05-04 19:14:47, EXEC, v:1, k:fup@impar, mode:FULL, rate:100
2026-05-04 19:14:47, EXEC, v:1, k:fup@impar, mode:FULL, rate:100
2026-05-04 19:14:47, MOVE, v:1, k:fup@impar, mode:BACK
2026-05-04 19:15:58, MOVE, v:1, k:fup@esconde, mode:PICK
2026-05-04 19:16:00, EXEC, v:1, k:fup@esconde, mode:FULL, rate:0
2026-05-04 19:12:27, MOVE, v:1, k:fup@zigzag, mode:EDIT
2026-05-04 19:12:36, MOVE, v:1, k:fup@loop_ii, mode:EDIT
2026-05-04 19:12:39, MOVE, v:1, k:fup@loop_iii, mode:EDIT
2026-05-04 19:12:51, MOVE, v:1, k:fup@loop_i, mode:EDIT
2026-05-04 19:12:59, MOVE, v:1, k:fup@monica, mode:EDIT
2026-05-04 19:13:02, MOVE, v:1, k:fup@drone, mode:EDIT
2026-05-04 19:13:13, MOVE, v:1, k:fup@goiabas, mode:EDIT
2026-05-04 19:13:21, MOVE, v:1, k:fup@varetas, mode:EDIT
2026-05-04 19:13:29, MOVE, v:1, k:fup@jokenpo, mode:EDIT
2026-05-04 19:13:33, MOVE, v:1, k:fup@mumia, mode:EDIT
2026-05-04 19:13:40, MOVE, v:1, k:fup@round, mode:EDIT
2026-05-04 19:13:56, MOVE, v:1, k:fup@positivo, mode:EDIT
2026-05-04 19:14:05, MOVE, v:1, k:fup@multiplo, mode:EDIT
2026-05-04 19:14:13, MOVE, v:1, k:fup@calc, mode:EDIT
2026-05-04 19:14:23, MOVE, v:1, k:fup@guarda, mode:EDIT
2026-05-04 19:14:35, MOVE, v:1, k:fup@quantos, mode:EDIT
2026-05-04 19:14:47, MOVE, v:1, k:fup@impar, mode:EDIT
2026-05-04 19:16:00, MOVE, v:1, k:fup@esconde, mode:EDIT
2026-05-04 19:16:48, MOVE, v:1, k:fup@esconde, mode:EDIT
2026-05-04 19:17:28, EXEC, v:1, k:fup@esconde, mode:FULL, rate:100, size:18
2026-05-04 19:17:38, MOVE, v:1, k:fup@esconde, mode:BACK
2026-05-04 19:18:07, SELF, v:1, k:sandbox@user_001, self:1, study:10
2026-05-04 19:18:07, MOVE, v:1, k:sandbox@user_001, mode:PICK
2026-05-04 19:18:07, EXEC, v:1, k:sandbox@user_001, mode:LOCK, rate:0
2026-05-04 19:18:08, EXEC, v:1, k:sandbox@user_001, mode:LOCK, rate:0
2026-05-04 19:18:08, EXEC, v:1, k:sandbox@user_001, mode:LOCK, rate:0
2026-05-04 19:18:10, MOVE, v:1, k:sandbox@user_001, mode:BACK
2026-05-04 19:18:14, MOVE, v:1, k:fup@tres, mode:PICK
2026-05-04 19:18:15, EXEC, v:1, k:fup@tres, mode:FULL, rate:100
2026-05-04 19:18:16, MOVE, v:1, k:fup@tres, mode:BACK
2026-05-04 19:18:24, MOVE, v:1, k:fup@quebrada, mode:PICK
2026-05-04 19:18:25, EXEC, v:1, k:fup@quebrada, mode:FULL, rate:100
2026-05-04 19:18:26, MOVE, v:1, k:fup@quebrada, mode:BACK
2026-05-04 19:18:50, SELF, v:1, k:sandbox@user_001, self:1, study:10
2026-05-04 19:18:50, MOVE, v:1, k:sandbox@user_001, mode:PICK
2026-05-04 19:18:53, EXEC, v:1, k:sandbox@user_001, mode:LOCK, rate:0
2026-05-04 19:18:54, MOVE, v:1, k:sandbox@user_001, mode:BACK
2026-05-04 19:19:05, MOVE, v:1, k:fup@operacoes, mode:PICK
2026-05-04 19:19:07, EXEC, v:1, k:fup@operacoes, mode:FULL, rate:100
2026-05-04 19:19:08, MOVE, v:1, k:fup@operacoes, mode:BACK
2026-05-04 19:19:09, MOVE, v:1, k:fup@data, mode:PICK
2026-05-04 19:19:10, EXEC, v:1, k:fup@data, mode:FULL, rate:0, size:5
2026-05-04 19:18:53, MOVE, v:1, k:sandbox@user_001, mode:EDIT
2026-05-04 19:19:07, MOVE, v:1, k:fup@operacoes, mode:EDIT
2026-05-04 19:19:10, MOVE, v:1, k:fup@data, mode:EDIT
2026-05-04 19:23:22, MOVE, v:1, k:fup@data, mode:EDIT
2026-05-04 19:23:58, EXEC, v:1, k:fup@data, mode:FULL, rate:0, size:7
2026-05-04 19:24:09, EXEC, v:1, k:fup@data, mode:FULL, rate:0
2026-05-04 19:24:11, EXEC, v:1, k:fup@data, mode:FULL, rate:0, size:7
