2026-03-16 03:36:53, MOVE, v:1, k:fup@tres, mode:PICK
2026-03-16 03:37:06, EXEC, v:1, k:fup@tres, mode:FULL, rate:100
2026-03-16 03:37:06, EXEC, v:1, k:fup@tres, mode:FULL, rate:100
2026-03-16 03:37:22, EXEC, v:1, k:fup@tres, mode:FULL, rate:100
2026-03-16 03:37:23, MOVE, v:1, k:fup@tres, mode:BACK
2026-03-16 03:37:28, MOVE, v:1, k:fup@resto, mode:DOWN
2026-03-16 03:37:30, MOVE, v:1, k:fup@resto, mode:PICK
2026-03-16 04:07:00, EXEC, v:1, k:fup@resto, mode:FULL, rate:0, size:10
2026-03-16 04:09:58, EXEC, v:1, k:fup@resto, mode:FULL, rate:0, size:10
2026-03-16 04:10:20, EXEC, v:1, k:fup@resto, mode:FULL, rate:100, size:10
2026-03-16 04:15:02, MOVE, v:1, k:fup@resto, mode:BACK
2026-03-16 04:18:32, MOVE, v:1, k:fup@media, mode:DOWN
2026-03-16 04:18:41, MOVE, v:1, k:fup@media, mode:PICK
2026-03-16 04:24:33, EXEC, v:1, k:fup@media, mode:FULL, rate:0, size:8
2026-03-16 04:24:48, EXEC, v:1, k:fup@media, mode:FULL, rate:0
2026-03-16 04:25:06, EXEC, v:1, k:fup@media, mode:FULL, rate:100, size:8
2026-03-16 04:26:35, MOVE, v:1, k:fup@media, mode:BACK
2026-03-16 04:34:11, SELF, v:1, k:fup@tres, self:1, rate:100, study:5, friend:Hanna, problem:1, debug:1
2026-03-16 04:34:19, MOVE, v:1, k:fup@sobrou, mode:DOWN
2026-03-16 04:34:23, MOVE, v:1, k:fup@sobrou, mode:PICK
2026-03-16 04:34:35, EXEC, v:1, k:fup@sobrou, mode:FULL, rate:0, size:5
2026-03-16 04:34:57, MOVE, v:1, k:fup@sobrou, mode:BACK
2026-03-16 04:35:02, MOVE, v:1, k:fup@sobrou, mode:PICK
2026-03-16 05:12:50, EXEC, v:1, k:fup@sobrou, mode:FULL, size:15, fail:COMP
2026-03-16 05:16:11, EXEC, v:1, k:fup@sobrou, mode:FULL, size:15, fail:COMP
2026-03-16 05:17:11, EXEC, v:1, k:fup@sobrou, mode:FULL, size:15, fail:COMP
2026-03-16 05:17:14, EXEC, v:1, k:fup@sobrou, mode:FULL, fail:COMP
2026-03-16 05:17:37, EXEC, v:1, k:fup@sobrou, mode:FULL, rate:0, size:15
2026-03-16 05:18:28, EXEC, v:1, k:fup@sobrou, mode:FULL, rate:0, size:15
2026-03-16 05:18:41, EXEC, v:1, k:fup@sobrou, mode:FULL, rate:0, size:15
2026-03-16 05:18:51, EXEC, v:1, k:fup@sobrou, mode:FULL, rate:100, size:15
2026-03-16 17:46:36, MOVE, v:1, k:fup@sobrou, mode:PICK
2026-03-16 17:46:39, EXEC, v:1, k:fup@sobrou, mode:FULL, rate:100
2026-03-16 17:46:46, MOVE, v:1, k:fup@sobrou, mode:BACK
2026-03-16 17:46:50, MOVE, v:1, k:fup@segundos, mode:DOWN
2026-03-16 17:46:55, MOVE, v:1, k:fup@segundos, mode:PICK
2026-03-16 17:46:57, EXEC, v:1, k:fup@segundos, mode:FULL, rate:0, size:5
2026-03-16 17:47:12, EXEC, v:1, k:fup@segundos, mode:FULL, rate:0
2026-03-16 17:47:17, MOVE, v:1, k:fup@segundos, mode:BACK
2026-03-16 17:47:24, MOVE, v:1, k:fup@segundos, mode:PICK
2026-03-16 17:49:22, MOVE, v:1, k:fup@segundos, mode:BACK
2026-03-16 17:49:26, MOVE, v:1, k:fup@sobrou, mode:PICK
2026-03-16 17:49:29, MOVE, v:1, k:fup@sobrou, mode:BACK
2026-03-16 17:49:37, MOVE, v:1, k:fup@sobrou, mode:PICK
2026-03-16 17:57:38, MOVE, v:1, k:fup@sobrou, mode:BACK
2026-03-16 17:57:41, MOVE, v:1, k:fup@segundos, mode:PICK
2026-03-16 17:57:50, EXEC, v:1, k:fup@segundos, mode:FULL, size:5, fail:COMP
2026-03-16 18:10:57, EXEC, v:1, k:fup@segundos, mode:FULL, rate:0, size:10
2026-03-16 18:11:37, EXEC, v:1, k:fup@segundos, mode:FULL, rate:0, size:10
2026-03-16 18:13:15, EXEC, v:1, k:fup@segundos, mode:FULL, rate:0, size:10
2026-03-16 18:13:33, EXEC, v:1, k:fup@segundos, mode:FULL, rate:100, size:10
