2026-03-31 17:00:53, MOVE, v:1, k:fup@quebrada, mode:PICK
2026-03-31 17:00:56, EXEC, v:1, k:fup@quebrada, mode:FULL, rate:0
2026-03-31 17:06:46, EXEC, v:1, k:fup@quebrada, mode:FULL, rate:0
2026-03-31 17:07:51, EXEC, v:1, k:fup@quebrada, mode:FULL, rate:0
2026-03-31 17:08:13, EXEC, v:1, k:fup@quebrada, mode:FULL, rate:0
2026-03-31 17:08:46, EXEC, v:1, k:fup@quebrada, mode:FULL, rate:0
2026-03-31 17:08:54, EXEC, v:1, k:fup@quebrada, mode:FULL, rate:0
2026-03-31 17:09:13, EXEC, v:1, k:fup@quebrada, mode:FULL, rate:0
2026-03-31 17:09:22, EXEC, v:1, k:fup@quebrada, mode:FULL, rate:0
2026-03-31 17:11:29, EXEC, v:1, k:fup@quebrada, mode:FULL, rate:0
2026-03-31 17:12:09, EXEC, v:1, k:fup@quebrada, mode:FULL, rate:0
2026-03-31 17:12:27, EXEC, v:1, k:fup@quebrada, mode:FULL, rate:0
2026-03-31 17:12:39, EXEC, v:1, k:fup@quebrada, mode:FULL, rate:0
2026-03-31 17:12:47, EXEC, v:1, k:fup@quebrada, mode:FULL, rate:0
2026-03-31 17:12:53, EXEC, v:1, k:fup@quebrada, mode:FULL, rate:0
2026-03-31 17:15:32, EXEC, v:1, k:fup@quebrada, mode:FULL, rate:0
2026-03-31 17:15:45, EXEC, v:1, k:fup@quebrada, mode:FULL, rate:0
2026-03-31 17:23:02, EXEC, v:1, k:fup@quebrada, mode:FULL, rate:0
2026-03-31 17:23:43, EXEC, v:1, k:fup@quebrada, mode:FULL, rate:0
2026-03-31 17:25:40, EXEC, v:1, k:fup@quebrada, mode:FULL, rate:0
2026-03-31 17:37:59, EXEC, v:1, k:fup@quebrada, mode:FULL, rate:0
2026-03-31 17:38:12, EXEC, v:1, k:fup@quebrada, mode:FULL, rate:0
2026-03-31 17:38:52, MOVE, v:1, k:fup@quebrada, mode:BACK
2026-03-31 17:39:06, MOVE, v:1, k:fup@quebrada, mode:PICK
2026-03-31 17:39:25, EXEC, v:1, k:fup@quebrada, mode:FULL, rate:0
2026-03-31 17:40:07, EXEC, v:1, k:fup@quebrada, mode:FULL, rate:0
2026-03-31 17:41:24, EXEC, v:1, k:fup@quebrada, mode:FULL, rate:0
2026-03-31 17:41:31, EXEC, v:1, k:fup@quebrada, mode:FULL, rate:0
2026-03-31 17:44:09, EXEC, v:1, k:fup@quebrada, mode:FULL, rate:0
2026-03-31 17:48:04, MOVE, v:1, k:fup@quebrada, mode:BACK
2026-03-31 17:48:57, MOVE, v:1, k:fup@positivo, mode:PICK
2026-03-31 17:50:30, EXEC, v:1, k:fup@positivo, mode:FULL, rate:100
