2026-03-10 17:08:04, MOVE, v:1, k:sandbox@user_003, mode:PICK
2026-03-10 17:12:59, MOVE, v:1, k:sandbox@user_003, mode:BACK
2026-03-10 17:13:10, MOVE, v:1, k:sandbox@user_002, mode:PICK
2026-03-10 17:13:19, EXEC, v:1, k:sandbox@user_002, mode:LOCK, rate:0, size:5
2026-03-10 17:15:36, EXEC, v:1, k:sandbox@user_002, mode:FREE
2026-03-10 17:16:31, EXEC, v:1, k:sandbox@user_002, mode:FREE, size:7
2026-03-10 17:23:34, MOVE, v:1, k:sandbox@user_002, mode:BACK
2026-03-10 17:31:14, MOVE, v:1, k:sandbox@user_002, mode:PICK
2026-03-10 17:32:33, EXEC, v:1, k:sandbox@user_002, mode:FREE
2026-03-10 17:40:46, MOVE, v:1, k:sandbox@user_002, mode:BACK
2026-03-10 17:40:46, MOVE, v:1, k:sandbox@user_002, mode:PICK
2026-03-10 17:40:47, MOVE, v:1, k:sandbox@user_002, mode:BACK
2026-03-10 17:40:47, MOVE, v:1, k:sandbox@user_002, mode:PICK
2026-03-10 17:40:48, EXEC, v:1, k:sandbox@user_002, mode:LOCK, rate:0, size:7
2026-03-10 17:40:59, EXEC, v:1, k:sandbox@user_002, mode:FULL, rate:0
2026-03-10 17:43:06, MOVE, v:1, k:sandbox@user_002, mode:BACK
2026-03-10 17:43:09, MOVE, v:1, k:sandbox@user_002, mode:PICK
2026-03-10 17:43:14, EXEC, v:1, k:sandbox@user_002, mode:FREE, size:7
2026-03-10 17:45:32, EXEC, v:1, k:sandbox@user_002, mode:FREE, size:10
2026-03-10 17:46:17, EXEC, v:1, k:sandbox@user_002, mode:FREE, size:10
2026-03-10 17:55:30, EXEC, v:1, k:sandbox@user_002, mode:FREE, size:11
2026-03-10 17:56:12, MOVE, v:1, k:sandbox@user_002, mode:BACK
2026-03-10 17:56:19, MOVE, v:1, k:sandbox@user_002, mode:PICK
2026-03-10 17:56:21, MOVE, v:1, k:sandbox@user_002, mode:BACK
2026-03-10 17:56:29, MOVE, v:1, k:sandbox@user_001, mode:PICK
2026-03-10 17:58:16, EXEC, v:1, k:sandbox@user_001, mode:FULL, rate:0, size:11
2026-03-10 17:58:47, EXEC, v:1, k:sandbox@user_001, mode:FREE, size:11
2026-03-10 17:59:17, EXEC, v:1, k:sandbox@user_001, mode:FREE, size:11
2026-03-10 17:59:33, EXEC, v:1, k:sandbox@user_001, mode:FREE, size:11
2026-03-10 17:59:44, EXEC, v:1, k:sandbox@user_001, mode:FREE, size:11
2026-03-10 18:00:05, EXEC, v:1, k:sandbox@user_001, mode:FREE, size:11
2026-03-10 18:01:20, MOVE, v:1, k:sandbox@user_001, mode:BACK
2026-03-10 18:04:25, MOVE, v:1, k:fup@tres, mode:DOWN
2026-03-10 18:04:52, MOVE, v:1, k:fup@tres, mode:PICK
2026-03-10 18:04:54, EXEC, v:1, k:fup@tres, mode:FULL, rate:0, size:5
2026-03-10 18:05:46, MOVE, v:1, k:fup@tres, mode:BACK
2026-03-10 18:05:59, MOVE, v:1, k:fup@tres, mode:PICK
2026-03-10 18:06:04, EXEC, v:1, k:fup@tres, mode:FULL, rate:0
2026-03-10 18:11:41, EXEC, v:1, k:fup@tres, mode:FREE, size:8
2026-03-10 18:13:39, EXEC, v:1, k:fup@tres, mode:FULL, rate:100
2026-03-10 18:13:49, EXEC, v:1, k:fup@tres, mode:FREE
2026-03-10 18:16:39, MOVE, v:1, k:fup@tres, mode:BACK
