2026-06-24 17:29:31, MOVE, v:1, k:fup@batraquios, mode:PICK
2026-06-24 17:30:40, MOVE, v:1, k:fup@batraquios, mode:BACK
2026-06-24 17:32:33, MOVE, v:1, k:fup@batraquios, mode:PICK
2026-06-24 18:08:00, EXEC, v:1, k:fup@batraquios, mode:FULL, size:16, fail:COMP
2026-06-24 18:08:41, EXEC, v:1, k:fup@batraquios, mode:FULL, size:16, fail:COMP
2026-06-24 18:08:50, EXEC, v:1, k:fup@batraquios, mode:FULL, rate:0, size:16
2026-06-24 18:09:33, MOVE, v:1, k:fup@batraquios, mode:BACK
2026-06-24 18:09:37, MOVE, v:1, k:fup@baruel, mode:PICK
2026-06-24 18:08:48, MOVE, v:1, k:fup@batraquios, mode:EDIT
2026-06-24 18:08:50, MOVE, v:1, k:fup@batraquios, mode:EDIT
2026-06-24 18:14:22, MOVE, v:1, k:fup@baruel, mode:EDIT
2026-06-24 18:19:05, MOVE, v:1, k:fup@baruel, mode:EDIT
2026-06-24 18:24:16, MOVE, v:1, k:fup@baruel, mode:EDIT
2026-06-24 18:29:56, MOVE, v:1, k:fup@baruel, mode:EDIT
2026-06-24 18:33:35, EXEC, v:1, k:fup@baruel, mode:FULL, size:11, fail:COMP
2026-06-24 18:33:51, EXEC, v:1, k:fup@baruel, mode:FULL, size:11, fail:COMP
2026-06-24 18:34:09, EXEC, v:1, k:fup@baruel, mode:FULL, rate:0, size:11
2026-06-24 18:34:20, EXEC, v:1, k:fup@baruel, mode:FULL, size:11, fail:COMP
2026-06-24 18:34:40, EXEC, v:1, k:fup@baruel, mode:FULL, rate:0, size:11
2026-06-24 18:34:26, MOVE, v:1, k:fup@baruel, mode:EDIT
2026-06-24 18:34:40, MOVE, v:1, k:fup@baruel, mode:EDIT
2026-06-24 18:40:42, EXEC, v:1, k:fup@baruel, mode:FULL, rate:0, size:11
2026-06-24 18:41:26, EXEC, v:1, k:fup@baruel, mode:FULL, rate:0
2026-06-24 18:41:22, MOVE, v:1, k:fup@baruel, mode:EDIT
2026-06-24 18:41:26, MOVE, v:1, k:fup@baruel, mode:EDIT
2026-06-24 19:29:52, EXEC, v:1, k:fup@baruel, mode:FULL, rate:0, size:11
2026-06-24 19:29:43, MOVE, v:1, k:fup@baruel, mode:EDIT
2026-06-24 19:29:52, MOVE, v:1, k:fup@baruel, mode:EDIT
