2026-04-18 21:52:30, MOVE, v:1, k:fup@quantos, mode:PICK
2026-04-18 21:57:02, MOVE, v:1, k:fup@quantos, mode:EDIT
2026-04-18 21:59:15, EXEC, v:1, k:fup@quantos, mode:FULL, rate:100, size:14
2026-04-18 21:59:29, EXEC, v:1, k:fup@quantos, mode:FULL, rate:100, size:14
2026-04-18 21:59:59, MOVE, v:1, k:fup@quantos, mode:BACK
2026-04-18 22:00:20, MOVE, v:1, k:fup@quebrada, mode:PICK
2026-04-18 22:00:38, EXEC, v:1, k:fup@quebrada, mode:FULL, rate:0
2026-04-18 22:01:04, EXEC, v:1, k:fup@quebrada, mode:FULL, rate:0, size:12
2026-04-18 21:59:28, MOVE, v:1, k:fup@quantos, mode:EDIT
2026-04-18 21:59:29, MOVE, v:1, k:fup@quantos, mode:EDIT
2026-04-18 22:01:04, MOVE, v:1, k:fup@quebrada, mode:EDIT
2026-04-18 22:02:06, MOVE, v:1, k:fup@quebrada, mode:EDIT
2026-04-18 22:02:07, EXEC, v:1, k:fup@quebrada, mode:FULL, rate:25, size:13
2026-04-18 22:06:23, EXEC, v:1, k:fup@quebrada, mode:FULL, rate:100, size:13
2026-04-18 22:06:23, MOVE, v:1, k:fup@quebrada, mode:EDIT
2026-04-18 22:06:20, MOVE, v:1, k:fup@quebrada, mode:EDIT
2026-04-18 22:12:47, MOVE, v:1, k:fup@quebrada, mode:BACK
2026-04-18 22:12:52, MOVE, v:1, k:fup@operacoes, mode:PICK
2026-04-18 22:17:05, MOVE, v:1, k:fup@operacoes, mode:EDIT
2026-04-18 22:18:45, EXEC, v:1, k:fup@operacoes, mode:FULL, rate:0, size:16
2026-04-18 22:19:02, EXEC, v:1, k:fup@operacoes, mode:FULL, rate:0, size:16
2026-04-18 22:19:28, EXEC, v:1, k:fup@operacoes, mode:FULL, rate:0, size:16
2026-04-18 22:20:30, EXEC, v:1, k:fup@operacoes, mode:FULL, rate:0, size:16
2026-04-18 22:20:39, EXEC, v:1, k:fup@operacoes, mode:FULL, rate:0, size:16
2026-04-18 22:22:06, MOVE, v:1, k:fup@operacoes, mode:EDIT
2026-04-18 22:20:39, MOVE, v:1, k:fup@operacoes, mode:EDIT
2026-04-18 22:22:34, EXEC, v:1, k:fup@operacoes, mode:FULL, rate:0, size:16
2026-04-18 22:22:51, EXEC, v:1, k:fup@operacoes, mode:FULL, rate:0, size:16
2026-04-18 22:23:00, EXEC, v:1, k:fup@operacoes, mode:FULL, rate:0, size:16
2026-04-18 22:23:35, EXEC, v:1, k:fup@operacoes, mode:FULL, rate:0, size:16
2026-04-18 22:23:43, EXEC, v:1, k:fup@operacoes, mode:FULL, rate:0, size:16
2026-04-18 22:24:01, EXEC, v:1, k:fup@operacoes, mode:FULL, rate:0, size:16
2026-04-18 22:24:24, EXEC, v:1, k:fup@operacoes, mode:FULL, rate:0, size:16
2026-04-18 22:24:30, EXEC, v:1, k:fup@operacoes, mode:FULL, rate:0, size:0
2026-04-18 22:24:44, EXEC, v:1, k:fup@operacoes, mode:FULL, rate:0, size:16
2026-04-18 22:24:55, EXEC, v:1, k:fup@operacoes, mode:FULL, rate:0, size:16
2026-04-18 22:25:04, EXEC, v:1, k:fup@operacoes, mode:FULL, rate:0, size:16
2026-04-18 22:26:45, EXEC, v:1, k:fup@operacoes, mode:FULL, rate:100, size:16
2026-04-18 22:26:43, MOVE, v:1, k:fup@operacoes, mode:EDIT
2026-04-18 22:26:45, MOVE, v:1, k:fup@operacoes, mode:EDIT
