2026-05-10 18:01:43, MOVE, v:1, k:fup@tv, mode:PICK
2026-05-10 18:02:05, EXEC, v:1, k:fup@tv, mode:FULL, rate:0
2026-05-10 18:02:04, MOVE, v:1, k:fup@tv, mode:EDIT
2026-05-10 18:03:22, MOVE, v:1, k:fup@tv, mode:EDIT
2026-05-10 18:09:22, MOVE, v:1, k:fup@tv, mode:EDIT
2026-05-10 18:14:17, MOVE, v:1, k:fup@tv, mode:EDIT
2026-05-10 18:20:08, MOVE, v:1, k:fup@tv, mode:EDIT
2026-05-10 18:23:32, EXEC, v:1, k:fup@tv, mode:FULL, size:16, fail:COMP
2026-05-10 18:23:32, MOVE, v:1, k:fup@tv, mode:EDIT
2026-05-10 18:25:29, EXEC, v:1, k:fup@tv, mode:FULL, rate:0, size:16
2026-05-10 18:25:56, EXEC, v:1, k:fup@tv, mode:FULL, rate:0, size:17
2026-05-10 18:26:21, EXEC, v:1, k:fup@tv, mode:FULL, rate:0, size:17
2026-05-10 18:26:28, EXEC, v:1, k:fup@tv, mode:FULL, rate:0, size:17
2026-05-10 18:26:41, EXEC, v:1, k:fup@tv, mode:FULL, rate:16, size:17
2026-05-10 18:28:41, EXEC, v:1, k:fup@tv, mode:FULL, rate:16, size:17
2026-05-10 18:28:39, MOVE, v:1, k:fup@tv, mode:EDIT
2026-05-10 18:28:41, MOVE, v:1, k:fup@tv, mode:EDIT
2026-05-10 18:33:06, EXEC, v:1, k:fup@tv, mode:FULL, size:16, fail:COMP
2026-05-10 18:33:34, EXEC, v:1, k:fup@tv, mode:FULL, rate:16, size:16
2026-05-10 18:33:32, MOVE, v:1, k:fup@tv, mode:EDIT
2026-05-10 18:33:34, MOVE, v:1, k:fup@tv, mode:EDIT
2026-05-10 18:36:40, EXEC, v:1, k:fup@tv, mode:FULL, rate:33, size:16
2026-05-10 18:39:43, MOVE, v:1, k:fup@tv, mode:EDIT
2026-05-10 18:36:40, MOVE, v:1, k:fup@tv, mode:EDIT
2026-05-10 18:42:10, EXEC, v:1, k:fup@tv, mode:FULL, rate:100, size:16
